Time: 14:48:35
IP address: 127.0.0.1
Provider: www.phpmyadmin.vs
Request: https://maosfood.vs/wp-content/uploads/woocommerce-placeholder-150x150.png
User-Agent: Mozilla/5.0 (Windows NT 10.0; Win64; x64) AppleWebKit/537.36 (KHTML, like Gecko) Chrome/78.0.3904.97 Safari/537.36
Referer: https://maosfood.vs/wp-admin/edit.php?post_type=product
Accept: image/webp,image/apng,image/*,*/*;q=0.8
Accept-Encoding: gzip, deflate, br
Accept-Language: ru-RU,ru;q=0.9,en-US;q=0.8,en;q=0.7
{"error":"The address 127.0.0.1 is not in the database."}

Time: 14:49:26
IP address: 127.0.0.1
Provider: www.phpmyadmin.vs
Request: https://maosfood.vs/wp-content/uploads/woocommerce-placeholder-150x150.png
User-Agent: Mozilla/5.0 (Windows NT 10.0; Win64; x64) AppleWebKit/537.36 (KHTML, like Gecko) Chrome/78.0.3904.97 Safari/537.36
Referer: https://maosfood.vs/wp-admin/edit.php?post_type=product
Accept: image/webp,image/apng,image/*,*/*;q=0.8
Accept-Encoding: gzip, deflate, br
Accept-Language: ru-RU,ru;q=0.9,en-US;q=0.8,en;q=0.7
{"error":"The address 127.0.0.1 is not in the database."}

