Time: 00:01:18
IP address: 127.0.0.1
Provider: www.phpmyadmin.vs
Request: https://maosfood.vs/wp-admin/admin-ajax.php
User-Agent: Mozilla/5.0 (Windows NT 10.0; Win64; x64) AppleWebKit/537.36 (KHTML, like Gecko) Chrome/78.0.3904.108 Safari/537.36
Referer: https://maosfood.vs/wp-admin/admin.php?page=inspire_checkout_fields_settings&tab=fields_billing
Accept: application/json, text/javascript, */*; q=0.01
Accept-Encoding: gzip, deflate, br
Accept-Language: ru-RU,ru;q=0.9,en-US;q=0.8,en;q=0.7
{"error":"The address 127.0.0.1 is not in the database."}

Time: 00:03:18
IP address: 127.0.0.1
Provider: www.phpmyadmin.vs
Request: https://maosfood.vs/wp-admin/admin-ajax.php
User-Agent: Mozilla/5.0 (Windows NT 10.0; Win64; x64) AppleWebKit/537.36 (KHTML, like Gecko) Chrome/78.0.3904.108 Safari/537.36
Referer: https://maosfood.vs/wp-admin/admin.php?page=inspire_checkout_fields_settings&tab=fields_billing
Accept: application/json, text/javascript, */*; q=0.01
Accept-Encoding: gzip, deflate, br
Accept-Language: ru-RU,ru;q=0.9,en-US;q=0.8,en;q=0.7
{"error":"The address 127.0.0.1 is not in the database."}

Time: 00:05:18
IP address: 127.0.0.1
Provider: www.phpmyadmin.vs
Request: https://maosfood.vs/wp-admin/admin-ajax.php
User-Agent: Mozilla/5.0 (Windows NT 10.0; Win64; x64) AppleWebKit/537.36 (KHTML, like Gecko) Chrome/78.0.3904.108 Safari/537.36
Referer: https://maosfood.vs/wp-admin/admin.php?page=inspire_checkout_fields_settings&tab=fields_billing
Accept: application/json, text/javascript, */*; q=0.01
Accept-Encoding: gzip, deflate, br
Accept-Language: ru-RU,ru;q=0.9,en-US;q=0.8,en;q=0.7
{"error":"The address 127.0.0.1 is not in the database."}

Time: 00:07:18
IP address: 127.0.0.1
Provider: www.phpmyadmin.vs
Request: https://maosfood.vs/wp-admin/admin-ajax.php
User-Agent: Mozilla/5.0 (Windows NT 10.0; Win64; x64) AppleWebKit/537.36 (KHTML, like Gecko) Chrome/78.0.3904.108 Safari/537.36
Referer: https://maosfood.vs/wp-admin/admin.php?page=inspire_checkout_fields_settings&tab=fields_billing
Accept: application/json, text/javascript, */*; q=0.01
Accept-Encoding: gzip, deflate, br
Accept-Language: ru-RU,ru;q=0.9,en-US;q=0.8,en;q=0.7
{"error":"The address 127.0.0.1 is not in the database."}

Time: 00:09:18
IP address: 127.0.0.1
Provider: www.phpmyadmin.vs
Request: https://maosfood.vs/wp-admin/admin-ajax.php
User-Agent: Mozilla/5.0 (Windows NT 10.0; Win64; x64) AppleWebKit/537.36 (KHTML, like Gecko) Chrome/78.0.3904.108 Safari/537.36
Referer: https://maosfood.vs/wp-admin/admin.php?page=inspire_checkout_fields_settings&tab=fields_billing
Accept: application/json, text/javascript, */*; q=0.01
Accept-Encoding: gzip, deflate, br
Accept-Language: ru-RU,ru;q=0.9,en-US;q=0.8,en;q=0.7
{"error":"The address 127.0.0.1 is not in the database."}

Time: 00:11:19
IP address: 127.0.0.1
Provider: www.phpmyadmin.vs
Request: https://maosfood.vs/wp-admin/admin-ajax.php
User-Agent: Mozilla/5.0 (Windows NT 10.0; Win64; x64) AppleWebKit/537.36 (KHTML, like Gecko) Chrome/78.0.3904.108 Safari/537.36
Referer: https://maosfood.vs/wp-admin/admin.php?page=inspire_checkout_fields_settings&tab=fields_billing
Accept: application/json, text/javascript, */*; q=0.01
Accept-Encoding: gzip, deflate, br
Accept-Language: ru-RU,ru;q=0.9,en-US;q=0.8,en;q=0.7
{"error":"The address 127.0.0.1 is not in the database."}

Time: 00:13:20
IP address: 127.0.0.1
Provider: www.phpmyadmin.vs
Request: https://maosfood.vs/wp-admin/admin-ajax.php
User-Agent: Mozilla/5.0 (Windows NT 10.0; Win64; x64) AppleWebKit/537.36 (KHTML, like Gecko) Chrome/78.0.3904.108 Safari/537.36
Referer: https://maosfood.vs/wp-admin/admin.php?page=inspire_checkout_fields_settings&tab=fields_billing
Accept: application/json, text/javascript, */*; q=0.01
Accept-Encoding: gzip, deflate, br
Accept-Language: ru-RU,ru;q=0.9,en-US;q=0.8,en;q=0.7
{"error":"The address 127.0.0.1 is not in the database."}

Time: 00:15:21
IP address: 127.0.0.1
Provider: www.phpmyadmin.vs
Request: https://maosfood.vs/wp-admin/admin-ajax.php
User-Agent: Mozilla/5.0 (Windows NT 10.0; Win64; x64) AppleWebKit/537.36 (KHTML, like Gecko) Chrome/78.0.3904.108 Safari/537.36
Referer: https://maosfood.vs/wp-admin/admin.php?page=inspire_checkout_fields_settings&tab=fields_billing
Accept: application/json, text/javascript, */*; q=0.01
Accept-Encoding: gzip, deflate, br
Accept-Language: ru-RU,ru;q=0.9,en-US;q=0.8,en;q=0.7
{"error":"The address 127.0.0.1 is not in the database."}

Time: 00:17:22
IP address: 127.0.0.1
Provider: www.phpmyadmin.vs
Request: https://maosfood.vs/wp-admin/admin-ajax.php
User-Agent: Mozilla/5.0 (Windows NT 10.0; Win64; x64) AppleWebKit/537.36 (KHTML, like Gecko) Chrome/78.0.3904.108 Safari/537.36
Referer: https://maosfood.vs/wp-admin/admin.php?page=inspire_checkout_fields_settings&tab=fields_billing
Accept: application/json, text/javascript, */*; q=0.01
Accept-Encoding: gzip, deflate, br
Accept-Language: ru-RU,ru;q=0.9,en-US;q=0.8,en;q=0.7
{"error":"The address 127.0.0.1 is not in the database."}

Time: 00:19:23
IP address: 127.0.0.1
Provider: www.phpmyadmin.vs
Request: https://maosfood.vs/wp-admin/admin-ajax.php
User-Agent: Mozilla/5.0 (Windows NT 10.0; Win64; x64) AppleWebKit/537.36 (KHTML, like Gecko) Chrome/78.0.3904.108 Safari/537.36
Referer: https://maosfood.vs/wp-admin/admin.php?page=inspire_checkout_fields_settings&tab=fields_billing
Accept: application/json, text/javascript, */*; q=0.01
Accept-Encoding: gzip, deflate, br
Accept-Language: ru-RU,ru;q=0.9,en-US;q=0.8,en;q=0.7
{"error":"The address 127.0.0.1 is not in the database."}

Time: 00:21:24
IP address: 127.0.0.1
Provider: www.phpmyadmin.vs
Request: https://maosfood.vs/wp-admin/admin-ajax.php
User-Agent: Mozilla/5.0 (Windows NT 10.0; Win64; x64) AppleWebKit/537.36 (KHTML, like Gecko) Chrome/78.0.3904.108 Safari/537.36
Referer: https://maosfood.vs/wp-admin/admin.php?page=inspire_checkout_fields_settings&tab=fields_billing
Accept: application/json, text/javascript, */*; q=0.01
Accept-Encoding: gzip, deflate, br
Accept-Language: ru-RU,ru;q=0.9,en-US;q=0.8,en;q=0.7
{"error":"The address 127.0.0.1 is not in the database."}

Time: 00:23:25
IP address: 127.0.0.1
Provider: www.phpmyadmin.vs
Request: https://maosfood.vs/wp-admin/admin-ajax.php
User-Agent: Mozilla/5.0 (Windows NT 10.0; Win64; x64) AppleWebKit/537.36 (KHTML, like Gecko) Chrome/78.0.3904.108 Safari/537.36
Referer: https://maosfood.vs/wp-admin/admin.php?page=inspire_checkout_fields_settings&tab=fields_billing
Accept: application/json, text/javascript, */*; q=0.01
Accept-Encoding: gzip, deflate, br
Accept-Language: ru-RU,ru;q=0.9,en-US;q=0.8,en;q=0.7
{"error":"The address 127.0.0.1 is not in the database."}

Time: 00:25:26
IP address: 127.0.0.1
Provider: www.phpmyadmin.vs
Request: https://maosfood.vs/wp-admin/admin-ajax.php
User-Agent: Mozilla/5.0 (Windows NT 10.0; Win64; x64) AppleWebKit/537.36 (KHTML, like Gecko) Chrome/78.0.3904.108 Safari/537.36
Referer: https://maosfood.vs/wp-admin/admin.php?page=inspire_checkout_fields_settings&tab=fields_billing
Accept: application/json, text/javascript, */*; q=0.01
Accept-Encoding: gzip, deflate, br
Accept-Language: ru-RU,ru;q=0.9,en-US;q=0.8,en;q=0.7
{"error":"The address 127.0.0.1 is not in the database."}

Time: 00:27:27
IP address: 127.0.0.1
Provider: www.phpmyadmin.vs
Request: https://maosfood.vs/wp-admin/admin-ajax.php
User-Agent: Mozilla/5.0 (Windows NT 10.0; Win64; x64) AppleWebKit/537.36 (KHTML, like Gecko) Chrome/78.0.3904.108 Safari/537.36
Referer: https://maosfood.vs/wp-admin/admin.php?page=inspire_checkout_fields_settings&tab=fields_billing
Accept: application/json, text/javascript, */*; q=0.01
Accept-Encoding: gzip, deflate, br
Accept-Language: ru-RU,ru;q=0.9,en-US;q=0.8,en;q=0.7
{"error":"The address 127.0.0.1 is not in the database."}

Time: 00:29:28
IP address: 127.0.0.1
Provider: www.phpmyadmin.vs
Request: https://maosfood.vs/wp-admin/admin-ajax.php
User-Agent: Mozilla/5.0 (Windows NT 10.0; Win64; x64) AppleWebKit/537.36 (KHTML, like Gecko) Chrome/78.0.3904.108 Safari/537.36
Referer: https://maosfood.vs/wp-admin/admin.php?page=inspire_checkout_fields_settings&tab=fields_billing
Accept: application/json, text/javascript, */*; q=0.01
Accept-Encoding: gzip, deflate, br
Accept-Language: ru-RU,ru;q=0.9,en-US;q=0.8,en;q=0.7
{"error":"The address 127.0.0.1 is not in the database."}

Time: 00:31:29
IP address: 127.0.0.1
Provider: www.phpmyadmin.vs
Request: https://maosfood.vs/wp-admin/admin-ajax.php
User-Agent: Mozilla/5.0 (Windows NT 10.0; Win64; x64) AppleWebKit/537.36 (KHTML, like Gecko) Chrome/78.0.3904.108 Safari/537.36
Referer: https://maosfood.vs/wp-admin/admin.php?page=inspire_checkout_fields_settings&tab=fields_billing
Accept: application/json, text/javascript, */*; q=0.01
Accept-Encoding: gzip, deflate, br
Accept-Language: ru-RU,ru;q=0.9,en-US;q=0.8,en;q=0.7
{"error":"The address 127.0.0.1 is not in the database."}

Time: 00:33:30
IP address: 127.0.0.1
Provider: www.phpmyadmin.vs
Request: https://maosfood.vs/wp-admin/admin-ajax.php
User-Agent: Mozilla/5.0 (Windows NT 10.0; Win64; x64) AppleWebKit/537.36 (KHTML, like Gecko) Chrome/78.0.3904.108 Safari/537.36
Referer: https://maosfood.vs/wp-admin/admin.php?page=inspire_checkout_fields_settings&tab=fields_billing
Accept: application/json, text/javascript, */*; q=0.01
Accept-Encoding: gzip, deflate, br
Accept-Language: ru-RU,ru;q=0.9,en-US;q=0.8,en;q=0.7
{"error":"The address 127.0.0.1 is not in the database."}

Time: 00:35:31
IP address: 127.0.0.1
Provider: www.phpmyadmin.vs
Request: https://maosfood.vs/wp-admin/admin-ajax.php
User-Agent: Mozilla/5.0 (Windows NT 10.0; Win64; x64) AppleWebKit/537.36 (KHTML, like Gecko) Chrome/78.0.3904.108 Safari/537.36
Referer: https://maosfood.vs/wp-admin/admin.php?page=inspire_checkout_fields_settings&tab=fields_billing
Accept: application/json, text/javascript, */*; q=0.01
Accept-Encoding: gzip, deflate, br
Accept-Language: ru-RU,ru;q=0.9,en-US;q=0.8,en;q=0.7
{"error":"The address 127.0.0.1 is not in the database."}

Time: 00:37:32
IP address: 127.0.0.1
Provider: www.phpmyadmin.vs
Request: https://maosfood.vs/wp-admin/admin-ajax.php
User-Agent: Mozilla/5.0 (Windows NT 10.0; Win64; x64) AppleWebKit/537.36 (KHTML, like Gecko) Chrome/78.0.3904.108 Safari/537.36
Referer: https://maosfood.vs/wp-admin/admin.php?page=inspire_checkout_fields_settings&tab=fields_billing
Accept: application/json, text/javascript, */*; q=0.01
Accept-Encoding: gzip, deflate, br
Accept-Language: ru-RU,ru;q=0.9,en-US;q=0.8,en;q=0.7
{"error":"The address 127.0.0.1 is not in the database."}

Time: 00:39:33
IP address: 127.0.0.1
Provider: www.phpmyadmin.vs
Request: https://maosfood.vs/wp-admin/admin-ajax.php
User-Agent: Mozilla/5.0 (Windows NT 10.0; Win64; x64) AppleWebKit/537.36 (KHTML, like Gecko) Chrome/78.0.3904.108 Safari/537.36
Referer: https://maosfood.vs/wp-admin/admin.php?page=inspire_checkout_fields_settings&tab=fields_billing
Accept: application/json, text/javascript, */*; q=0.01
Accept-Encoding: gzip, deflate, br
Accept-Language: ru-RU,ru;q=0.9,en-US;q=0.8,en;q=0.7
{"error":"The address 127.0.0.1 is not in the database."}

Time: 00:41:34
IP address: 127.0.0.1
Provider: www.phpmyadmin.vs
Request: https://maosfood.vs/wp-admin/admin-ajax.php
User-Agent: Mozilla/5.0 (Windows NT 10.0; Win64; x64) AppleWebKit/537.36 (KHTML, like Gecko) Chrome/78.0.3904.108 Safari/537.36
Referer: https://maosfood.vs/wp-admin/admin.php?page=inspire_checkout_fields_settings&tab=fields_billing
Accept: application/json, text/javascript, */*; q=0.01
Accept-Encoding: gzip, deflate, br
Accept-Language: ru-RU,ru;q=0.9,en-US;q=0.8,en;q=0.7
{"error":"The address 127.0.0.1 is not in the database."}

Time: 00:43:35
IP address: 127.0.0.1
Provider: www.phpmyadmin.vs
Request: https://maosfood.vs/wp-admin/admin-ajax.php
User-Agent: Mozilla/5.0 (Windows NT 10.0; Win64; x64) AppleWebKit/537.36 (KHTML, like Gecko) Chrome/78.0.3904.108 Safari/537.36
Referer: https://maosfood.vs/wp-admin/admin.php?page=inspire_checkout_fields_settings&tab=fields_billing
Accept: application/json, text/javascript, */*; q=0.01
Accept-Encoding: gzip, deflate, br
Accept-Language: ru-RU,ru;q=0.9,en-US;q=0.8,en;q=0.7
{"error":"The address 127.0.0.1 is not in the database."}

Time: 00:45:36
IP address: 127.0.0.1
Provider: www.phpmyadmin.vs
Request: https://maosfood.vs/wp-admin/admin-ajax.php
User-Agent: Mozilla/5.0 (Windows NT 10.0; Win64; x64) AppleWebKit/537.36 (KHTML, like Gecko) Chrome/78.0.3904.108 Safari/537.36
Referer: https://maosfood.vs/wp-admin/admin.php?page=inspire_checkout_fields_settings&tab=fields_billing
Accept: application/json, text/javascript, */*; q=0.01
Accept-Encoding: gzip, deflate, br
Accept-Language: ru-RU,ru;q=0.9,en-US;q=0.8,en;q=0.7
{"error":"The address 127.0.0.1 is not in the database."}

Time: 00:47:37
IP address: 127.0.0.1
Provider: www.phpmyadmin.vs
Request: https://maosfood.vs/wp-admin/admin-ajax.php
User-Agent: Mozilla/5.0 (Windows NT 10.0; Win64; x64) AppleWebKit/537.36 (KHTML, like Gecko) Chrome/78.0.3904.108 Safari/537.36
Referer: https://maosfood.vs/wp-admin/admin.php?page=inspire_checkout_fields_settings&tab=fields_billing
Accept: application/json, text/javascript, */*; q=0.01
Accept-Encoding: gzip, deflate, br
Accept-Language: ru-RU,ru;q=0.9,en-US;q=0.8,en;q=0.7
{"error":"The address 127.0.0.1 is not in the database."}

Time: 00:49:38
IP address: 127.0.0.1
Provider: www.phpmyadmin.vs
Request: https://maosfood.vs/wp-admin/admin-ajax.php
User-Agent: Mozilla/5.0 (Windows NT 10.0; Win64; x64) AppleWebKit/537.36 (KHTML, like Gecko) Chrome/78.0.3904.108 Safari/537.36
Referer: https://maosfood.vs/wp-admin/admin.php?page=inspire_checkout_fields_settings&tab=fields_billing
Accept: application/json, text/javascript, */*; q=0.01
Accept-Encoding: gzip, deflate, br
Accept-Language: ru-RU,ru;q=0.9,en-US;q=0.8,en;q=0.7
{"error":"The address 127.0.0.1 is not in the database."}

Time: 00:51:39
IP address: 127.0.0.1
Provider: www.phpmyadmin.vs
Request: https://maosfood.vs/wp-admin/admin-ajax.php
User-Agent: Mozilla/5.0 (Windows NT 10.0; Win64; x64) AppleWebKit/537.36 (KHTML, like Gecko) Chrome/78.0.3904.108 Safari/537.36
Referer: https://maosfood.vs/wp-admin/admin.php?page=inspire_checkout_fields_settings&tab=fields_billing
Accept: application/json, text/javascript, */*; q=0.01
Accept-Encoding: gzip, deflate, br
Accept-Language: ru-RU,ru;q=0.9,en-US;q=0.8,en;q=0.7
{"error":"The address 127.0.0.1 is not in the database."}

Time: 00:53:40
IP address: 127.0.0.1
Provider: www.phpmyadmin.vs
Request: https://maosfood.vs/wp-admin/admin-ajax.php
User-Agent: Mozilla/5.0 (Windows NT 10.0; Win64; x64) AppleWebKit/537.36 (KHTML, like Gecko) Chrome/78.0.3904.108 Safari/537.36
Referer: https://maosfood.vs/wp-admin/admin.php?page=inspire_checkout_fields_settings&tab=fields_billing
Accept: application/json, text/javascript, */*; q=0.01
Accept-Encoding: gzip, deflate, br
Accept-Language: ru-RU,ru;q=0.9,en-US;q=0.8,en;q=0.7
{"error":"The address 127.0.0.1 is not in the database."}

Time: 00:55:41
IP address: 127.0.0.1
Provider: www.phpmyadmin.vs
Request: https://maosfood.vs/wp-admin/admin-ajax.php
User-Agent: Mozilla/5.0 (Windows NT 10.0; Win64; x64) AppleWebKit/537.36 (KHTML, like Gecko) Chrome/78.0.3904.108 Safari/537.36
Referer: https://maosfood.vs/wp-admin/admin.php?page=inspire_checkout_fields_settings&tab=fields_billing
Accept: application/json, text/javascript, */*; q=0.01
Accept-Encoding: gzip, deflate, br
Accept-Language: ru-RU,ru;q=0.9,en-US;q=0.8,en;q=0.7
{"error":"The address 127.0.0.1 is not in the database."}

Time: 00:57:42
IP address: 127.0.0.1
Provider: www.phpmyadmin.vs
Request: https://maosfood.vs/wp-admin/admin-ajax.php
User-Agent: Mozilla/5.0 (Windows NT 10.0; Win64; x64) AppleWebKit/537.36 (KHTML, like Gecko) Chrome/78.0.3904.108 Safari/537.36
Referer: https://maosfood.vs/wp-admin/admin.php?page=inspire_checkout_fields_settings&tab=fields_billing
Accept: application/json, text/javascript, */*; q=0.01
Accept-Encoding: gzip, deflate, br
Accept-Language: ru-RU,ru;q=0.9,en-US;q=0.8,en;q=0.7
{"error":"The address 127.0.0.1 is not in the database."}

Time: 00:59:43
IP address: 127.0.0.1
Provider: www.phpmyadmin.vs
Request: https://maosfood.vs/wp-admin/admin-ajax.php
User-Agent: Mozilla/5.0 (Windows NT 10.0; Win64; x64) AppleWebKit/537.36 (KHTML, like Gecko) Chrome/78.0.3904.108 Safari/537.36
Referer: https://maosfood.vs/wp-admin/admin.php?page=inspire_checkout_fields_settings&tab=fields_billing
Accept: application/json, text/javascript, */*; q=0.01
Accept-Encoding: gzip, deflate, br
Accept-Language: ru-RU,ru;q=0.9,en-US;q=0.8,en;q=0.7
{"error":"The address 127.0.0.1 is not in the database."}

Time: 01:01:44
IP address: 127.0.0.1
Provider: www.phpmyadmin.vs
Request: https://maosfood.vs/wp-admin/admin-ajax.php
User-Agent: Mozilla/5.0 (Windows NT 10.0; Win64; x64) AppleWebKit/537.36 (KHTML, like Gecko) Chrome/78.0.3904.108 Safari/537.36
Referer: https://maosfood.vs/wp-admin/admin.php?page=inspire_checkout_fields_settings&tab=fields_billing
Accept: application/json, text/javascript, */*; q=0.01
Accept-Encoding: gzip, deflate, br
Accept-Language: ru-RU,ru;q=0.9,en-US;q=0.8,en;q=0.7
{"error":"The address 127.0.0.1 is not in the database."}

Time: 01:03:45
IP address: 127.0.0.1
Provider: www.phpmyadmin.vs
Request: https://maosfood.vs/wp-admin/admin-ajax.php
User-Agent: Mozilla/5.0 (Windows NT 10.0; Win64; x64) AppleWebKit/537.36 (KHTML, like Gecko) Chrome/78.0.3904.108 Safari/537.36
Referer: https://maosfood.vs/wp-admin/admin.php?page=inspire_checkout_fields_settings&tab=fields_billing
Accept: application/json, text/javascript, */*; q=0.01
Accept-Encoding: gzip, deflate, br
Accept-Language: ru-RU,ru;q=0.9,en-US;q=0.8,en;q=0.7
{"error":"The address 127.0.0.1 is not in the database."}

Time: 01:05:46
IP address: 127.0.0.1
Provider: www.phpmyadmin.vs
Request: https://maosfood.vs/wp-admin/admin-ajax.php
User-Agent: Mozilla/5.0 (Windows NT 10.0; Win64; x64) AppleWebKit/537.36 (KHTML, like Gecko) Chrome/78.0.3904.108 Safari/537.36
Referer: https://maosfood.vs/wp-admin/admin.php?page=inspire_checkout_fields_settings&tab=fields_billing
Accept: application/json, text/javascript, */*; q=0.01
Accept-Encoding: gzip, deflate, br
Accept-Language: ru-RU,ru;q=0.9,en-US;q=0.8,en;q=0.7
{"error":"The address 127.0.0.1 is not in the database."}

Time: 01:07:47
IP address: 127.0.0.1
Provider: www.phpmyadmin.vs
Request: https://maosfood.vs/wp-admin/admin-ajax.php
User-Agent: Mozilla/5.0 (Windows NT 10.0; Win64; x64) AppleWebKit/537.36 (KHTML, like Gecko) Chrome/78.0.3904.108 Safari/537.36
Referer: https://maosfood.vs/wp-admin/admin.php?page=inspire_checkout_fields_settings&tab=fields_billing
Accept: application/json, text/javascript, */*; q=0.01
Accept-Encoding: gzip, deflate, br
Accept-Language: ru-RU,ru;q=0.9,en-US;q=0.8,en;q=0.7
{"error":"The address 127.0.0.1 is not in the database."}

Time: 01:09:48
IP address: 127.0.0.1
Provider: www.phpmyadmin.vs
Request: https://maosfood.vs/wp-admin/admin-ajax.php
User-Agent: Mozilla/5.0 (Windows NT 10.0; Win64; x64) AppleWebKit/537.36 (KHTML, like Gecko) Chrome/78.0.3904.108 Safari/537.36
Referer: https://maosfood.vs/wp-admin/admin.php?page=inspire_checkout_fields_settings&tab=fields_billing
Accept: application/json, text/javascript, */*; q=0.01
Accept-Encoding: gzip, deflate, br
Accept-Language: ru-RU,ru;q=0.9,en-US;q=0.8,en;q=0.7
{"error":"The address 127.0.0.1 is not in the database."}

Time: 01:11:48
IP address: 127.0.0.1
Provider: www.phpmyadmin.vs
Request: https://maosfood.vs/wp-admin/admin-ajax.php
User-Agent: Mozilla/5.0 (Windows NT 10.0; Win64; x64) AppleWebKit/537.36 (KHTML, like Gecko) Chrome/78.0.3904.108 Safari/537.36
Referer: https://maosfood.vs/wp-admin/admin.php?page=inspire_checkout_fields_settings&tab=fields_billing
Accept: application/json, text/javascript, */*; q=0.01
Accept-Encoding: gzip, deflate, br
Accept-Language: ru-RU,ru;q=0.9,en-US;q=0.8,en;q=0.7
{"error":"The address 127.0.0.1 is not in the database."}

Time: 01:13:48
IP address: 127.0.0.1
Provider: www.phpmyadmin.vs
Request: https://maosfood.vs/wp-admin/admin-ajax.php
User-Agent: Mozilla/5.0 (Windows NT 10.0; Win64; x64) AppleWebKit/537.36 (KHTML, like Gecko) Chrome/78.0.3904.108 Safari/537.36
Referer: https://maosfood.vs/wp-admin/admin.php?page=inspire_checkout_fields_settings&tab=fields_billing
Accept: application/json, text/javascript, */*; q=0.01
Accept-Encoding: gzip, deflate, br
Accept-Language: ru-RU,ru;q=0.9,en-US;q=0.8,en;q=0.7
{"error":"The address 127.0.0.1 is not in the database."}

Time: 01:15:48
IP address: 127.0.0.1
Provider: www.phpmyadmin.vs
Request: https://maosfood.vs/wp-admin/admin-ajax.php
User-Agent: Mozilla/5.0 (Windows NT 10.0; Win64; x64) AppleWebKit/537.36 (KHTML, like Gecko) Chrome/78.0.3904.108 Safari/537.36
Referer: https://maosfood.vs/wp-admin/admin.php?page=inspire_checkout_fields_settings&tab=fields_billing
Accept: application/json, text/javascript, */*; q=0.01
Accept-Encoding: gzip, deflate, br
Accept-Language: ru-RU,ru;q=0.9,en-US;q=0.8,en;q=0.7
{"error":"The address 127.0.0.1 is not in the database."}

Time: 01:17:49
IP address: 127.0.0.1
Provider: www.phpmyadmin.vs
Request: https://maosfood.vs/wp-admin/admin-ajax.php
User-Agent: Mozilla/5.0 (Windows NT 10.0; Win64; x64) AppleWebKit/537.36 (KHTML, like Gecko) Chrome/78.0.3904.108 Safari/537.36
Referer: https://maosfood.vs/wp-admin/admin.php?page=inspire_checkout_fields_settings&tab=fields_billing
Accept: application/json, text/javascript, */*; q=0.01
Accept-Encoding: gzip, deflate, br
Accept-Language: ru-RU,ru;q=0.9,en-US;q=0.8,en;q=0.7
{"error":"The address 127.0.0.1 is not in the database."}

Time: 01:19:50
IP address: 127.0.0.1
Provider: www.phpmyadmin.vs
Request: https://maosfood.vs/wp-admin/admin-ajax.php
User-Agent: Mozilla/5.0 (Windows NT 10.0; Win64; x64) AppleWebKit/537.36 (KHTML, like Gecko) Chrome/78.0.3904.108 Safari/537.36
Referer: https://maosfood.vs/wp-admin/admin.php?page=inspire_checkout_fields_settings&tab=fields_billing
Accept: application/json, text/javascript, */*; q=0.01
Accept-Encoding: gzip, deflate, br
Accept-Language: ru-RU,ru;q=0.9,en-US;q=0.8,en;q=0.7
{"error":"The address 127.0.0.1 is not in the database."}

Time: 01:21:50
IP address: 127.0.0.1
Provider: www.phpmyadmin.vs
Request: https://maosfood.vs/wp-admin/admin-ajax.php
User-Agent: Mozilla/5.0 (Windows NT 10.0; Win64; x64) AppleWebKit/537.36 (KHTML, like Gecko) Chrome/78.0.3904.108 Safari/537.36
Referer: https://maosfood.vs/wp-admin/admin.php?page=inspire_checkout_fields_settings&tab=fields_billing
Accept: application/json, text/javascript, */*; q=0.01
Accept-Encoding: gzip, deflate, br
Accept-Language: ru-RU,ru;q=0.9,en-US;q=0.8,en;q=0.7
{"error":"The address 127.0.0.1 is not in the database."}

Time: 01:23:51
IP address: 127.0.0.1
Provider: www.phpmyadmin.vs
Request: https://maosfood.vs/wp-admin/admin-ajax.php
User-Agent: Mozilla/5.0 (Windows NT 10.0; Win64; x64) AppleWebKit/537.36 (KHTML, like Gecko) Chrome/78.0.3904.108 Safari/537.36
Referer: https://maosfood.vs/wp-admin/admin.php?page=inspire_checkout_fields_settings&tab=fields_billing
Accept: application/json, text/javascript, */*; q=0.01
Accept-Encoding: gzip, deflate, br
Accept-Language: ru-RU,ru;q=0.9,en-US;q=0.8,en;q=0.7
{"error":"The address 127.0.0.1 is not in the database."}

Time: 01:25:52
IP address: 127.0.0.1
Provider: www.phpmyadmin.vs
Request: https://maosfood.vs/wp-admin/admin-ajax.php
User-Agent: Mozilla/5.0 (Windows NT 10.0; Win64; x64) AppleWebKit/537.36 (KHTML, like Gecko) Chrome/78.0.3904.108 Safari/537.36
Referer: https://maosfood.vs/wp-admin/admin.php?page=inspire_checkout_fields_settings&tab=fields_billing
Accept: application/json, text/javascript, */*; q=0.01
Accept-Encoding: gzip, deflate, br
Accept-Language: ru-RU,ru;q=0.9,en-US;q=0.8,en;q=0.7
{"error":"The address 127.0.0.1 is not in the database."}

Time: 01:27:53
IP address: 127.0.0.1
Provider: www.phpmyadmin.vs
Request: https://maosfood.vs/wp-admin/admin-ajax.php
User-Agent: Mozilla/5.0 (Windows NT 10.0; Win64; x64) AppleWebKit/537.36 (KHTML, like Gecko) Chrome/78.0.3904.108 Safari/537.36
Referer: https://maosfood.vs/wp-admin/admin.php?page=inspire_checkout_fields_settings&tab=fields_billing
Accept: application/json, text/javascript, */*; q=0.01
Accept-Encoding: gzip, deflate, br
Accept-Language: ru-RU,ru;q=0.9,en-US;q=0.8,en;q=0.7
{"error":"The address 127.0.0.1 is not in the database."}

Time: 01:29:54
IP address: 127.0.0.1
Provider: www.phpmyadmin.vs
Request: https://maosfood.vs/wp-admin/admin-ajax.php
User-Agent: Mozilla/5.0 (Windows NT 10.0; Win64; x64) AppleWebKit/537.36 (KHTML, like Gecko) Chrome/78.0.3904.108 Safari/537.36
Referer: https://maosfood.vs/wp-admin/admin.php?page=inspire_checkout_fields_settings&tab=fields_billing
Accept: application/json, text/javascript, */*; q=0.01
Accept-Encoding: gzip, deflate, br
Accept-Language: ru-RU,ru;q=0.9,en-US;q=0.8,en;q=0.7
{"error":"The address 127.0.0.1 is not in the database."}

Time: 01:31:55
IP address: 127.0.0.1
Provider: www.phpmyadmin.vs
Request: https://maosfood.vs/wp-admin/admin-ajax.php
User-Agent: Mozilla/5.0 (Windows NT 10.0; Win64; x64) AppleWebKit/537.36 (KHTML, like Gecko) Chrome/78.0.3904.108 Safari/537.36
Referer: https://maosfood.vs/wp-admin/admin.php?page=inspire_checkout_fields_settings&tab=fields_billing
Accept: application/json, text/javascript, */*; q=0.01
Accept-Encoding: gzip, deflate, br
Accept-Language: ru-RU,ru;q=0.9,en-US;q=0.8,en;q=0.7
{"error":"The address 127.0.0.1 is not in the database."}

Time: 01:33:56
IP address: 127.0.0.1
Provider: www.phpmyadmin.vs
Request: https://maosfood.vs/wp-admin/admin-ajax.php
User-Agent: Mozilla/5.0 (Windows NT 10.0; Win64; x64) AppleWebKit/537.36 (KHTML, like Gecko) Chrome/78.0.3904.108 Safari/537.36
Referer: https://maosfood.vs/wp-admin/admin.php?page=inspire_checkout_fields_settings&tab=fields_billing
Accept: application/json, text/javascript, */*; q=0.01
Accept-Encoding: gzip, deflate, br
Accept-Language: ru-RU,ru;q=0.9,en-US;q=0.8,en;q=0.7
{"error":"The address 127.0.0.1 is not in the database."}

Time: 01:35:57
IP address: 127.0.0.1
Provider: www.phpmyadmin.vs
Request: https://maosfood.vs/wp-admin/admin-ajax.php
User-Agent: Mozilla/5.0 (Windows NT 10.0; Win64; x64) AppleWebKit/537.36 (KHTML, like Gecko) Chrome/78.0.3904.108 Safari/537.36
Referer: https://maosfood.vs/wp-admin/admin.php?page=inspire_checkout_fields_settings&tab=fields_billing
Accept: application/json, text/javascript, */*; q=0.01
Accept-Encoding: gzip, deflate, br
Accept-Language: ru-RU,ru;q=0.9,en-US;q=0.8,en;q=0.7
{"error":"The address 127.0.0.1 is not in the database."}

Time: 01:37:58
IP address: 127.0.0.1
Provider: www.phpmyadmin.vs
Request: https://maosfood.vs/wp-admin/admin-ajax.php
User-Agent: Mozilla/5.0 (Windows NT 10.0; Win64; x64) AppleWebKit/537.36 (KHTML, like Gecko) Chrome/78.0.3904.108 Safari/537.36
Referer: https://maosfood.vs/wp-admin/admin.php?page=inspire_checkout_fields_settings&tab=fields_billing
Accept: application/json, text/javascript, */*; q=0.01
Accept-Encoding: gzip, deflate, br
Accept-Language: ru-RU,ru;q=0.9,en-US;q=0.8,en;q=0.7
{"error":"The address 127.0.0.1 is not in the database."}

Time: 01:39:59
IP address: 127.0.0.1
Provider: www.phpmyadmin.vs
Request: https://maosfood.vs/wp-admin/admin-ajax.php
User-Agent: Mozilla/5.0 (Windows NT 10.0; Win64; x64) AppleWebKit/537.36 (KHTML, like Gecko) Chrome/78.0.3904.108 Safari/537.36
Referer: https://maosfood.vs/wp-admin/admin.php?page=inspire_checkout_fields_settings&tab=fields_billing
Accept: application/json, text/javascript, */*; q=0.01
Accept-Encoding: gzip, deflate, br
Accept-Language: ru-RU,ru;q=0.9,en-US;q=0.8,en;q=0.7
{"error":"The address 127.0.0.1 is not in the database."}

Time: 01:42:00
IP address: 127.0.0.1
Provider: www.phpmyadmin.vs
Request: https://maosfood.vs/wp-admin/admin-ajax.php
User-Agent: Mozilla/5.0 (Windows NT 10.0; Win64; x64) AppleWebKit/537.36 (KHTML, like Gecko) Chrome/78.0.3904.108 Safari/537.36
Referer: https://maosfood.vs/wp-admin/admin.php?page=inspire_checkout_fields_settings&tab=fields_billing
Accept: application/json, text/javascript, */*; q=0.01
Accept-Encoding: gzip, deflate, br
Accept-Language: ru-RU,ru;q=0.9,en-US;q=0.8,en;q=0.7
{"error":"The address 127.0.0.1 is not in the database."}

Time: 01:44:01
IP address: 127.0.0.1
Provider: www.phpmyadmin.vs
Request: https://maosfood.vs/wp-admin/admin-ajax.php
User-Agent: Mozilla/5.0 (Windows NT 10.0; Win64; x64) AppleWebKit/537.36 (KHTML, like Gecko) Chrome/78.0.3904.108 Safari/537.36
Referer: https://maosfood.vs/wp-admin/admin.php?page=inspire_checkout_fields_settings&tab=fields_billing
Accept: application/json, text/javascript, */*; q=0.01
Accept-Encoding: gzip, deflate, br
Accept-Language: ru-RU,ru;q=0.9,en-US;q=0.8,en;q=0.7
{"error":"The address 127.0.0.1 is not in the database."}

Time: 01:46:02
IP address: 127.0.0.1
Provider: www.phpmyadmin.vs
Request: https://maosfood.vs/wp-admin/admin-ajax.php
User-Agent: Mozilla/5.0 (Windows NT 10.0; Win64; x64) AppleWebKit/537.36 (KHTML, like Gecko) Chrome/78.0.3904.108 Safari/537.36
Referer: https://maosfood.vs/wp-admin/admin.php?page=inspire_checkout_fields_settings&tab=fields_billing
Accept: application/json, text/javascript, */*; q=0.01
Accept-Encoding: gzip, deflate, br
Accept-Language: ru-RU,ru;q=0.9,en-US;q=0.8,en;q=0.7
{"error":"The address 127.0.0.1 is not in the database."}

Time: 01:48:03
IP address: 127.0.0.1
Provider: www.phpmyadmin.vs
Request: https://maosfood.vs/wp-admin/admin-ajax.php
User-Agent: Mozilla/5.0 (Windows NT 10.0; Win64; x64) AppleWebKit/537.36 (KHTML, like Gecko) Chrome/78.0.3904.108 Safari/537.36
Referer: https://maosfood.vs/wp-admin/admin.php?page=inspire_checkout_fields_settings&tab=fields_billing
Accept: application/json, text/javascript, */*; q=0.01
Accept-Encoding: gzip, deflate, br
Accept-Language: ru-RU,ru;q=0.9,en-US;q=0.8,en;q=0.7
{"error":"The address 127.0.0.1 is not in the database."}

Time: 01:50:03
IP address: 127.0.0.1
Provider: www.phpmyadmin.vs
Request: https://maosfood.vs/wp-admin/admin-ajax.php
User-Agent: Mozilla/5.0 (Windows NT 10.0; Win64; x64) AppleWebKit/537.36 (KHTML, like Gecko) Chrome/78.0.3904.108 Safari/537.36
Referer: https://maosfood.vs/wp-admin/admin.php?page=inspire_checkout_fields_settings&tab=fields_billing
Accept: application/json, text/javascript, */*; q=0.01
Accept-Encoding: gzip, deflate, br
Accept-Language: ru-RU,ru;q=0.9,en-US;q=0.8,en;q=0.7
{"error":"The address 127.0.0.1 is not in the database."}

Time: 01:52:04
IP address: 127.0.0.1
Provider: www.phpmyadmin.vs
Request: https://maosfood.vs/wp-admin/admin-ajax.php
User-Agent: Mozilla/5.0 (Windows NT 10.0; Win64; x64) AppleWebKit/537.36 (KHTML, like Gecko) Chrome/78.0.3904.108 Safari/537.36
Referer: https://maosfood.vs/wp-admin/admin.php?page=inspire_checkout_fields_settings&tab=fields_billing
Accept: application/json, text/javascript, */*; q=0.01
Accept-Encoding: gzip, deflate, br
Accept-Language: ru-RU,ru;q=0.9,en-US;q=0.8,en;q=0.7
{"error":"The address 127.0.0.1 is not in the database."}

Time: 01:54:05
IP address: 127.0.0.1
Provider: www.phpmyadmin.vs
Request: https://maosfood.vs/wp-admin/admin-ajax.php
User-Agent: Mozilla/5.0 (Windows NT 10.0; Win64; x64) AppleWebKit/537.36 (KHTML, like Gecko) Chrome/78.0.3904.108 Safari/537.36
Referer: https://maosfood.vs/wp-admin/admin.php?page=inspire_checkout_fields_settings&tab=fields_billing
Accept: application/json, text/javascript, */*; q=0.01
Accept-Encoding: gzip, deflate, br
Accept-Language: ru-RU,ru;q=0.9,en-US;q=0.8,en;q=0.7
{"error":"The address 127.0.0.1 is not in the database."}

Time: 01:56:06
IP address: 127.0.0.1
Provider: www.phpmyadmin.vs
Request: https://maosfood.vs/wp-admin/admin-ajax.php
User-Agent: Mozilla/5.0 (Windows NT 10.0; Win64; x64) AppleWebKit/537.36 (KHTML, like Gecko) Chrome/78.0.3904.108 Safari/537.36
Referer: https://maosfood.vs/wp-admin/admin.php?page=inspire_checkout_fields_settings&tab=fields_billing
Accept: application/json, text/javascript, */*; q=0.01
Accept-Encoding: gzip, deflate, br
Accept-Language: ru-RU,ru;q=0.9,en-US;q=0.8,en;q=0.7
{"error":"The address 127.0.0.1 is not in the database."}

Time: 01:58:07
IP address: 127.0.0.1
Provider: www.phpmyadmin.vs
Request: https://maosfood.vs/wp-admin/admin-ajax.php
User-Agent: Mozilla/5.0 (Windows NT 10.0; Win64; x64) AppleWebKit/537.36 (KHTML, like Gecko) Chrome/78.0.3904.108 Safari/537.36
Referer: https://maosfood.vs/wp-admin/admin.php?page=inspire_checkout_fields_settings&tab=fields_billing
Accept: application/json, text/javascript, */*; q=0.01
Accept-Encoding: gzip, deflate, br
Accept-Language: ru-RU,ru;q=0.9,en-US;q=0.8,en;q=0.7
{"error":"The address 127.0.0.1 is not in the database."}

Time: 02:00:08
IP address: 127.0.0.1
Provider: www.phpmyadmin.vs
Request: https://maosfood.vs/wp-admin/admin-ajax.php
User-Agent: Mozilla/5.0 (Windows NT 10.0; Win64; x64) AppleWebKit/537.36 (KHTML, like Gecko) Chrome/78.0.3904.108 Safari/537.36
Referer: https://maosfood.vs/wp-admin/admin.php?page=inspire_checkout_fields_settings&tab=fields_billing
Accept: application/json, text/javascript, */*; q=0.01
Accept-Encoding: gzip, deflate, br
Accept-Language: ru-RU,ru;q=0.9,en-US;q=0.8,en;q=0.7
{"error":"The address 127.0.0.1 is not in the database."}

Time: 02:02:09
IP address: 127.0.0.1
Provider: www.phpmyadmin.vs
Request: https://maosfood.vs/wp-admin/admin-ajax.php
User-Agent: Mozilla/5.0 (Windows NT 10.0; Win64; x64) AppleWebKit/537.36 (KHTML, like Gecko) Chrome/78.0.3904.108 Safari/537.36
Referer: https://maosfood.vs/wp-admin/admin.php?page=inspire_checkout_fields_settings&tab=fields_billing
Accept: application/json, text/javascript, */*; q=0.01
Accept-Encoding: gzip, deflate, br
Accept-Language: ru-RU,ru;q=0.9,en-US;q=0.8,en;q=0.7
{"error":"The address 127.0.0.1 is not in the database."}

Time: 02:04:10
IP address: 127.0.0.1
Provider: www.phpmyadmin.vs
Request: https://maosfood.vs/wp-admin/admin-ajax.php
User-Agent: Mozilla/5.0 (Windows NT 10.0; Win64; x64) AppleWebKit/537.36 (KHTML, like Gecko) Chrome/78.0.3904.108 Safari/537.36
Referer: https://maosfood.vs/wp-admin/admin.php?page=inspire_checkout_fields_settings&tab=fields_billing
Accept: application/json, text/javascript, */*; q=0.01
Accept-Encoding: gzip, deflate, br
Accept-Language: ru-RU,ru;q=0.9,en-US;q=0.8,en;q=0.7
{"error":"The address 127.0.0.1 is not in the database."}

Time: 02:06:11
IP address: 127.0.0.1
Provider: www.phpmyadmin.vs
Request: https://maosfood.vs/wp-admin/admin-ajax.php
User-Agent: Mozilla/5.0 (Windows NT 10.0; Win64; x64) AppleWebKit/537.36 (KHTML, like Gecko) Chrome/78.0.3904.108 Safari/537.36
Referer: https://maosfood.vs/wp-admin/admin.php?page=inspire_checkout_fields_settings&tab=fields_billing
Accept: application/json, text/javascript, */*; q=0.01
Accept-Encoding: gzip, deflate, br
Accept-Language: ru-RU,ru;q=0.9,en-US;q=0.8,en;q=0.7
{"error":"The address 127.0.0.1 is not in the database."}

Time: 02:08:12
IP address: 127.0.0.1
Provider: www.phpmyadmin.vs
Request: https://maosfood.vs/wp-admin/admin-ajax.php
User-Agent: Mozilla/5.0 (Windows NT 10.0; Win64; x64) AppleWebKit/537.36 (KHTML, like Gecko) Chrome/78.0.3904.108 Safari/537.36
Referer: https://maosfood.vs/wp-admin/admin.php?page=inspire_checkout_fields_settings&tab=fields_billing
Accept: application/json, text/javascript, */*; q=0.01
Accept-Encoding: gzip, deflate, br
Accept-Language: ru-RU,ru;q=0.9,en-US;q=0.8,en;q=0.7
{"error":"The address 127.0.0.1 is not in the database."}

Time: 02:10:13
IP address: 127.0.0.1
Provider: www.phpmyadmin.vs
Request: https://maosfood.vs/wp-admin/admin-ajax.php
User-Agent: Mozilla/5.0 (Windows NT 10.0; Win64; x64) AppleWebKit/537.36 (KHTML, like Gecko) Chrome/78.0.3904.108 Safari/537.36
Referer: https://maosfood.vs/wp-admin/admin.php?page=inspire_checkout_fields_settings&tab=fields_billing
Accept: application/json, text/javascript, */*; q=0.01
Accept-Encoding: gzip, deflate, br
Accept-Language: ru-RU,ru;q=0.9,en-US;q=0.8,en;q=0.7
{"error":"The address 127.0.0.1 is not in the database."}

Time: 02:12:14
IP address: 127.0.0.1
Provider: www.phpmyadmin.vs
Request: https://maosfood.vs/wp-admin/admin-ajax.php
User-Agent: Mozilla/5.0 (Windows NT 10.0; Win64; x64) AppleWebKit/537.36 (KHTML, like Gecko) Chrome/78.0.3904.108 Safari/537.36
Referer: https://maosfood.vs/wp-admin/admin.php?page=inspire_checkout_fields_settings&tab=fields_billing
Accept: application/json, text/javascript, */*; q=0.01
Accept-Encoding: gzip, deflate, br
Accept-Language: ru-RU,ru;q=0.9,en-US;q=0.8,en;q=0.7
{"error":"The address 127.0.0.1 is not in the database."}

Time: 02:14:15
IP address: 127.0.0.1
Provider: www.phpmyadmin.vs
Request: https://maosfood.vs/wp-admin/admin-ajax.php
User-Agent: Mozilla/5.0 (Windows NT 10.0; Win64; x64) AppleWebKit/537.36 (KHTML, like Gecko) Chrome/78.0.3904.108 Safari/537.36
Referer: https://maosfood.vs/wp-admin/admin.php?page=inspire_checkout_fields_settings&tab=fields_billing
Accept: application/json, text/javascript, */*; q=0.01
Accept-Encoding: gzip, deflate, br
Accept-Language: ru-RU,ru;q=0.9,en-US;q=0.8,en;q=0.7
{"error":"The address 127.0.0.1 is not in the database."}

Time: 02:16:16
IP address: 127.0.0.1
Provider: www.phpmyadmin.vs
Request: https://maosfood.vs/wp-admin/admin-ajax.php
User-Agent: Mozilla/5.0 (Windows NT 10.0; Win64; x64) AppleWebKit/537.36 (KHTML, like Gecko) Chrome/78.0.3904.108 Safari/537.36
Referer: https://maosfood.vs/wp-admin/admin.php?page=inspire_checkout_fields_settings&tab=fields_billing
Accept: application/json, text/javascript, */*; q=0.01
Accept-Encoding: gzip, deflate, br
Accept-Language: ru-RU,ru;q=0.9,en-US;q=0.8,en;q=0.7
{"error":"The address 127.0.0.1 is not in the database."}

Time: 02:18:17
IP address: 127.0.0.1
Provider: www.phpmyadmin.vs
Request: https://maosfood.vs/wp-admin/admin-ajax.php
User-Agent: Mozilla/5.0 (Windows NT 10.0; Win64; x64) AppleWebKit/537.36 (KHTML, like Gecko) Chrome/78.0.3904.108 Safari/537.36
Referer: https://maosfood.vs/wp-admin/admin.php?page=inspire_checkout_fields_settings&tab=fields_billing
Accept: application/json, text/javascript, */*; q=0.01
Accept-Encoding: gzip, deflate, br
Accept-Language: ru-RU,ru;q=0.9,en-US;q=0.8,en;q=0.7
{"error":"The address 127.0.0.1 is not in the database."}

Time: 02:20:17
IP address: 127.0.0.1
Provider: www.phpmyadmin.vs
Request: https://maosfood.vs/wp-admin/admin-ajax.php
User-Agent: Mozilla/5.0 (Windows NT 10.0; Win64; x64) AppleWebKit/537.36 (KHTML, like Gecko) Chrome/78.0.3904.108 Safari/537.36
Referer: https://maosfood.vs/wp-admin/admin.php?page=inspire_checkout_fields_settings&tab=fields_billing
Accept: application/json, text/javascript, */*; q=0.01
Accept-Encoding: gzip, deflate, br
Accept-Language: ru-RU,ru;q=0.9,en-US;q=0.8,en;q=0.7
{"error":"The address 127.0.0.1 is not in the database."}

Time: 02:22:17
IP address: 127.0.0.1
Provider: www.phpmyadmin.vs
Request: https://maosfood.vs/wp-admin/admin-ajax.php
User-Agent: Mozilla/5.0 (Windows NT 10.0; Win64; x64) AppleWebKit/537.36 (KHTML, like Gecko) Chrome/78.0.3904.108 Safari/537.36
Referer: https://maosfood.vs/wp-admin/admin.php?page=inspire_checkout_fields_settings&tab=fields_billing
Accept: application/json, text/javascript, */*; q=0.01
Accept-Encoding: gzip, deflate, br
Accept-Language: ru-RU,ru;q=0.9,en-US;q=0.8,en;q=0.7
{"error":"The address 127.0.0.1 is not in the database."}

Time: 02:24:17
IP address: 127.0.0.1
Provider: www.phpmyadmin.vs
Request: https://maosfood.vs/wp-admin/admin-ajax.php
User-Agent: Mozilla/5.0 (Windows NT 10.0; Win64; x64) AppleWebKit/537.36 (KHTML, like Gecko) Chrome/78.0.3904.108 Safari/537.36
Referer: https://maosfood.vs/wp-admin/admin.php?page=inspire_checkout_fields_settings&tab=fields_billing
Accept: application/json, text/javascript, */*; q=0.01
Accept-Encoding: gzip, deflate, br
Accept-Language: ru-RU,ru;q=0.9,en-US;q=0.8,en;q=0.7
{"error":"The address 127.0.0.1 is not in the database."}

Time: 02:26:17
IP address: 127.0.0.1
Provider: www.phpmyadmin.vs
Request: https://maosfood.vs/wp-admin/admin-ajax.php
User-Agent: Mozilla/5.0 (Windows NT 10.0; Win64; x64) AppleWebKit/537.36 (KHTML, like Gecko) Chrome/78.0.3904.108 Safari/537.36
Referer: https://maosfood.vs/wp-admin/admin.php?page=inspire_checkout_fields_settings&tab=fields_billing
Accept: application/json, text/javascript, */*; q=0.01
Accept-Encoding: gzip, deflate, br
Accept-Language: ru-RU,ru;q=0.9,en-US;q=0.8,en;q=0.7
{"error":"The address 127.0.0.1 is not in the database."}

Time: 02:28:18
IP address: 127.0.0.1
Provider: www.phpmyadmin.vs
Request: https://maosfood.vs/wp-admin/admin-ajax.php
User-Agent: Mozilla/5.0 (Windows NT 10.0; Win64; x64) AppleWebKit/537.36 (KHTML, like Gecko) Chrome/78.0.3904.108 Safari/537.36
Referer: https://maosfood.vs/wp-admin/admin.php?page=inspire_checkout_fields_settings&tab=fields_billing
Accept: application/json, text/javascript, */*; q=0.01
Accept-Encoding: gzip, deflate, br
Accept-Language: ru-RU,ru;q=0.9,en-US;q=0.8,en;q=0.7
{"error":"The address 127.0.0.1 is not in the database."}

Time: 02:30:19
IP address: 127.0.0.1
Provider: www.phpmyadmin.vs
Request: https://maosfood.vs/wp-admin/admin-ajax.php
User-Agent: Mozilla/5.0 (Windows NT 10.0; Win64; x64) AppleWebKit/537.36 (KHTML, like Gecko) Chrome/78.0.3904.108 Safari/537.36
Referer: https://maosfood.vs/wp-admin/admin.php?page=inspire_checkout_fields_settings&tab=fields_billing
Accept: application/json, text/javascript, */*; q=0.01
Accept-Encoding: gzip, deflate, br
Accept-Language: ru-RU,ru;q=0.9,en-US;q=0.8,en;q=0.7
{"error":"The address 127.0.0.1 is not in the database."}

Time: 02:32:20
IP address: 127.0.0.1
Provider: www.phpmyadmin.vs
Request: https://maosfood.vs/wp-admin/admin-ajax.php
User-Agent: Mozilla/5.0 (Windows NT 10.0; Win64; x64) AppleWebKit/537.36 (KHTML, like Gecko) Chrome/78.0.3904.108 Safari/537.36
Referer: https://maosfood.vs/wp-admin/admin.php?page=inspire_checkout_fields_settings&tab=fields_billing
Accept: application/json, text/javascript, */*; q=0.01
Accept-Encoding: gzip, deflate, br
Accept-Language: ru-RU,ru;q=0.9,en-US;q=0.8,en;q=0.7
{"error":"The address 127.0.0.1 is not in the database."}

Time: 02:34:21
IP address: 127.0.0.1
Provider: www.phpmyadmin.vs
Request: https://maosfood.vs/wp-admin/admin-ajax.php
User-Agent: Mozilla/5.0 (Windows NT 10.0; Win64; x64) AppleWebKit/537.36 (KHTML, like Gecko) Chrome/78.0.3904.108 Safari/537.36
Referer: https://maosfood.vs/wp-admin/admin.php?page=inspire_checkout_fields_settings&tab=fields_billing
Accept: application/json, text/javascript, */*; q=0.01
Accept-Encoding: gzip, deflate, br
Accept-Language: ru-RU,ru;q=0.9,en-US;q=0.8,en;q=0.7
{"error":"The address 127.0.0.1 is not in the database."}

Time: 02:36:22
IP address: 127.0.0.1
Provider: www.phpmyadmin.vs
Request: https://maosfood.vs/wp-admin/admin-ajax.php
User-Agent: Mozilla/5.0 (Windows NT 10.0; Win64; x64) AppleWebKit/537.36 (KHTML, like Gecko) Chrome/78.0.3904.108 Safari/537.36
Referer: https://maosfood.vs/wp-admin/admin.php?page=inspire_checkout_fields_settings&tab=fields_billing
Accept: application/json, text/javascript, */*; q=0.01
Accept-Encoding: gzip, deflate, br
Accept-Language: ru-RU,ru;q=0.9,en-US;q=0.8,en;q=0.7
{"error":"The address 127.0.0.1 is not in the database."}

Time: 02:38:23
IP address: 127.0.0.1
Provider: www.phpmyadmin.vs
Request: https://maosfood.vs/wp-admin/admin-ajax.php
User-Agent: Mozilla/5.0 (Windows NT 10.0; Win64; x64) AppleWebKit/537.36 (KHTML, like Gecko) Chrome/78.0.3904.108 Safari/537.36
Referer: https://maosfood.vs/wp-admin/admin.php?page=inspire_checkout_fields_settings&tab=fields_billing
Accept: application/json, text/javascript, */*; q=0.01
Accept-Encoding: gzip, deflate, br
Accept-Language: ru-RU,ru;q=0.9,en-US;q=0.8,en;q=0.7
{"error":"The address 127.0.0.1 is not in the database."}

Time: 02:40:24
IP address: 127.0.0.1
Provider: www.phpmyadmin.vs
Request: https://maosfood.vs/wp-admin/admin-ajax.php
User-Agent: Mozilla/5.0 (Windows NT 10.0; Win64; x64) AppleWebKit/537.36 (KHTML, like Gecko) Chrome/78.0.3904.108 Safari/537.36
Referer: https://maosfood.vs/wp-admin/admin.php?page=inspire_checkout_fields_settings&tab=fields_billing
Accept: application/json, text/javascript, */*; q=0.01
Accept-Encoding: gzip, deflate, br
Accept-Language: ru-RU,ru;q=0.9,en-US;q=0.8,en;q=0.7
{"error":"The address 127.0.0.1 is not in the database."}

Time: 02:42:25
IP address: 127.0.0.1
Provider: www.phpmyadmin.vs
Request: https://maosfood.vs/wp-admin/admin-ajax.php
User-Agent: Mozilla/5.0 (Windows NT 10.0; Win64; x64) AppleWebKit/537.36 (KHTML, like Gecko) Chrome/78.0.3904.108 Safari/537.36
Referer: https://maosfood.vs/wp-admin/admin.php?page=inspire_checkout_fields_settings&tab=fields_billing
Accept: application/json, text/javascript, */*; q=0.01
Accept-Encoding: gzip, deflate, br
Accept-Language: ru-RU,ru;q=0.9,en-US;q=0.8,en;q=0.7
{"error":"The address 127.0.0.1 is not in the database."}

Time: 02:44:26
IP address: 127.0.0.1
Provider: www.phpmyadmin.vs
Request: https://maosfood.vs/wp-admin/admin-ajax.php
User-Agent: Mozilla/5.0 (Windows NT 10.0; Win64; x64) AppleWebKit/537.36 (KHTML, like Gecko) Chrome/78.0.3904.108 Safari/537.36
Referer: https://maosfood.vs/wp-admin/admin.php?page=inspire_checkout_fields_settings&tab=fields_billing
Accept: application/json, text/javascript, */*; q=0.01
Accept-Encoding: gzip, deflate, br
Accept-Language: ru-RU,ru;q=0.9,en-US;q=0.8,en;q=0.7
{"error":"The address 127.0.0.1 is not in the database."}

Time: 02:46:27
IP address: 127.0.0.1
Provider: www.phpmyadmin.vs
Request: https://maosfood.vs/wp-admin/admin-ajax.php
User-Agent: Mozilla/5.0 (Windows NT 10.0; Win64; x64) AppleWebKit/537.36 (KHTML, like Gecko) Chrome/78.0.3904.108 Safari/537.36
Referer: https://maosfood.vs/wp-admin/admin.php?page=inspire_checkout_fields_settings&tab=fields_billing
Accept: application/json, text/javascript, */*; q=0.01
Accept-Encoding: gzip, deflate, br
Accept-Language: ru-RU,ru;q=0.9,en-US;q=0.8,en;q=0.7
{"error":"The address 127.0.0.1 is not in the database."}

Time: 02:48:28
IP address: 127.0.0.1
Provider: www.phpmyadmin.vs
Request: https://maosfood.vs/wp-admin/admin-ajax.php
User-Agent: Mozilla/5.0 (Windows NT 10.0; Win64; x64) AppleWebKit/537.36 (KHTML, like Gecko) Chrome/78.0.3904.108 Safari/537.36
Referer: https://maosfood.vs/wp-admin/admin.php?page=inspire_checkout_fields_settings&tab=fields_billing
Accept: application/json, text/javascript, */*; q=0.01
Accept-Encoding: gzip, deflate, br
Accept-Language: ru-RU,ru;q=0.9,en-US;q=0.8,en;q=0.7
{"error":"The address 127.0.0.1 is not in the database."}

Time: 02:50:29
IP address: 127.0.0.1
Provider: www.phpmyadmin.vs
Request: https://maosfood.vs/wp-admin/admin-ajax.php
User-Agent: Mozilla/5.0 (Windows NT 10.0; Win64; x64) AppleWebKit/537.36 (KHTML, like Gecko) Chrome/78.0.3904.108 Safari/537.36
Referer: https://maosfood.vs/wp-admin/admin.php?page=inspire_checkout_fields_settings&tab=fields_billing
Accept: application/json, text/javascript, */*; q=0.01
Accept-Encoding: gzip, deflate, br
Accept-Language: ru-RU,ru;q=0.9,en-US;q=0.8,en;q=0.7
{"error":"The address 127.0.0.1 is not in the database."}

Time: 02:52:30
IP address: 127.0.0.1
Provider: www.phpmyadmin.vs
Request: https://maosfood.vs/wp-admin/admin-ajax.php
User-Agent: Mozilla/5.0 (Windows NT 10.0; Win64; x64) AppleWebKit/537.36 (KHTML, like Gecko) Chrome/78.0.3904.108 Safari/537.36
Referer: https://maosfood.vs/wp-admin/admin.php?page=inspire_checkout_fields_settings&tab=fields_billing
Accept: application/json, text/javascript, */*; q=0.01
Accept-Encoding: gzip, deflate, br
Accept-Language: ru-RU,ru;q=0.9,en-US;q=0.8,en;q=0.7
{"error":"The address 127.0.0.1 is not in the database."}

Time: 02:54:30
IP address: 127.0.0.1
Provider: www.phpmyadmin.vs
Request: https://maosfood.vs/wp-admin/admin-ajax.php
User-Agent: Mozilla/5.0 (Windows NT 10.0; Win64; x64) AppleWebKit/537.36 (KHTML, like Gecko) Chrome/78.0.3904.108 Safari/537.36
Referer: https://maosfood.vs/wp-admin/admin.php?page=inspire_checkout_fields_settings&tab=fields_billing
Accept: application/json, text/javascript, */*; q=0.01
Accept-Encoding: gzip, deflate, br
Accept-Language: ru-RU,ru;q=0.9,en-US;q=0.8,en;q=0.7
{"error":"The address 127.0.0.1 is not in the database."}

Time: 02:56:31
IP address: 127.0.0.1
Provider: www.phpmyadmin.vs
Request: https://maosfood.vs/wp-admin/admin-ajax.php
User-Agent: Mozilla/5.0 (Windows NT 10.0; Win64; x64) AppleWebKit/537.36 (KHTML, like Gecko) Chrome/78.0.3904.108 Safari/537.36
Referer: https://maosfood.vs/wp-admin/admin.php?page=inspire_checkout_fields_settings&tab=fields_billing
Accept: application/json, text/javascript, */*; q=0.01
Accept-Encoding: gzip, deflate, br
Accept-Language: ru-RU,ru;q=0.9,en-US;q=0.8,en;q=0.7
{"error":"The address 127.0.0.1 is not in the database."}

Time: 02:58:32
IP address: 127.0.0.1
Provider: www.phpmyadmin.vs
Request: https://maosfood.vs/wp-admin/admin-ajax.php
User-Agent: Mozilla/5.0 (Windows NT 10.0; Win64; x64) AppleWebKit/537.36 (KHTML, like Gecko) Chrome/78.0.3904.108 Safari/537.36
Referer: https://maosfood.vs/wp-admin/admin.php?page=inspire_checkout_fields_settings&tab=fields_billing
Accept: application/json, text/javascript, */*; q=0.01
Accept-Encoding: gzip, deflate, br
Accept-Language: ru-RU,ru;q=0.9,en-US;q=0.8,en;q=0.7
{"error":"The address 127.0.0.1 is not in the database."}

Time: 03:00:33
IP address: 127.0.0.1
Provider: www.phpmyadmin.vs
Request: https://maosfood.vs/wp-admin/admin-ajax.php
User-Agent: Mozilla/5.0 (Windows NT 10.0; Win64; x64) AppleWebKit/537.36 (KHTML, like Gecko) Chrome/78.0.3904.108 Safari/537.36
Referer: https://maosfood.vs/wp-admin/admin.php?page=inspire_checkout_fields_settings&tab=fields_billing
Accept: application/json, text/javascript, */*; q=0.01
Accept-Encoding: gzip, deflate, br
Accept-Language: ru-RU,ru;q=0.9,en-US;q=0.8,en;q=0.7
{"error":"The address 127.0.0.1 is not in the database."}

Time: 03:02:34
IP address: 127.0.0.1
Provider: www.phpmyadmin.vs
Request: https://maosfood.vs/wp-admin/admin-ajax.php
User-Agent: Mozilla/5.0 (Windows NT 10.0; Win64; x64) AppleWebKit/537.36 (KHTML, like Gecko) Chrome/78.0.3904.108 Safari/537.36
Referer: https://maosfood.vs/wp-admin/admin.php?page=inspire_checkout_fields_settings&tab=fields_billing
Accept: application/json, text/javascript, */*; q=0.01
Accept-Encoding: gzip, deflate, br
Accept-Language: ru-RU,ru;q=0.9,en-US;q=0.8,en;q=0.7
{"error":"The address 127.0.0.1 is not in the database."}

Time: 03:04:35
IP address: 127.0.0.1
Provider: www.phpmyadmin.vs
Request: https://maosfood.vs/wp-admin/admin-ajax.php
User-Agent: Mozilla/5.0 (Windows NT 10.0; Win64; x64) AppleWebKit/537.36 (KHTML, like Gecko) Chrome/78.0.3904.108 Safari/537.36
Referer: https://maosfood.vs/wp-admin/admin.php?page=inspire_checkout_fields_settings&tab=fields_billing
Accept: application/json, text/javascript, */*; q=0.01
Accept-Encoding: gzip, deflate, br
Accept-Language: ru-RU,ru;q=0.9,en-US;q=0.8,en;q=0.7
{"error":"The address 127.0.0.1 is not in the database."}

Time: 03:06:36
IP address: 127.0.0.1
Provider: www.phpmyadmin.vs
Request: https://maosfood.vs/wp-admin/admin-ajax.php
User-Agent: Mozilla/5.0 (Windows NT 10.0; Win64; x64) AppleWebKit/537.36 (KHTML, like Gecko) Chrome/78.0.3904.108 Safari/537.36
Referer: https://maosfood.vs/wp-admin/admin.php?page=inspire_checkout_fields_settings&tab=fields_billing
Accept: application/json, text/javascript, */*; q=0.01
Accept-Encoding: gzip, deflate, br
Accept-Language: ru-RU,ru;q=0.9,en-US;q=0.8,en;q=0.7
{"error":"The address 127.0.0.1 is not in the database."}

Time: 03:08:37
IP address: 127.0.0.1
Provider: www.phpmyadmin.vs
Request: https://maosfood.vs/wp-admin/admin-ajax.php
User-Agent: Mozilla/5.0 (Windows NT 10.0; Win64; x64) AppleWebKit/537.36 (KHTML, like Gecko) Chrome/78.0.3904.108 Safari/537.36
Referer: https://maosfood.vs/wp-admin/admin.php?page=inspire_checkout_fields_settings&tab=fields_billing
Accept: application/json, text/javascript, */*; q=0.01
Accept-Encoding: gzip, deflate, br
Accept-Language: ru-RU,ru;q=0.9,en-US;q=0.8,en;q=0.7
{"error":"The address 127.0.0.1 is not in the database."}

Time: 03:10:38
IP address: 127.0.0.1
Provider: www.phpmyadmin.vs
Request: https://maosfood.vs/wp-admin/admin-ajax.php
User-Agent: Mozilla/5.0 (Windows NT 10.0; Win64; x64) AppleWebKit/537.36 (KHTML, like Gecko) Chrome/78.0.3904.108 Safari/537.36
Referer: https://maosfood.vs/wp-admin/admin.php?page=inspire_checkout_fields_settings&tab=fields_billing
Accept: application/json, text/javascript, */*; q=0.01
Accept-Encoding: gzip, deflate, br
Accept-Language: ru-RU,ru;q=0.9,en-US;q=0.8,en;q=0.7
{"error":"The address 127.0.0.1 is not in the database."}

Time: 03:12:39
IP address: 127.0.0.1
Provider: www.phpmyadmin.vs
Request: https://maosfood.vs/wp-admin/admin-ajax.php
User-Agent: Mozilla/5.0 (Windows NT 10.0; Win64; x64) AppleWebKit/537.36 (KHTML, like Gecko) Chrome/78.0.3904.108 Safari/537.36
Referer: https://maosfood.vs/wp-admin/admin.php?page=inspire_checkout_fields_settings&tab=fields_billing
Accept: application/json, text/javascript, */*; q=0.01
Accept-Encoding: gzip, deflate, br
Accept-Language: ru-RU,ru;q=0.9,en-US;q=0.8,en;q=0.7
{"error":"The address 127.0.0.1 is not in the database."}

Time: 03:14:40
IP address: 127.0.0.1
Provider: www.phpmyadmin.vs
Request: https://maosfood.vs/wp-admin/admin-ajax.php
User-Agent: Mozilla/5.0 (Windows NT 10.0; Win64; x64) AppleWebKit/537.36 (KHTML, like Gecko) Chrome/78.0.3904.108 Safari/537.36
Referer: https://maosfood.vs/wp-admin/admin.php?page=inspire_checkout_fields_settings&tab=fields_billing
Accept: application/json, text/javascript, */*; q=0.01
Accept-Encoding: gzip, deflate, br
Accept-Language: ru-RU,ru;q=0.9,en-US;q=0.8,en;q=0.7
{"error":"The address 127.0.0.1 is not in the database."}

Time: 03:16:41
IP address: 127.0.0.1
Provider: www.phpmyadmin.vs
Request: https://maosfood.vs/wp-admin/admin-ajax.php
User-Agent: Mozilla/5.0 (Windows NT 10.0; Win64; x64) AppleWebKit/537.36 (KHTML, like Gecko) Chrome/78.0.3904.108 Safari/537.36
Referer: https://maosfood.vs/wp-admin/admin.php?page=inspire_checkout_fields_settings&tab=fields_billing
Accept: application/json, text/javascript, */*; q=0.01
Accept-Encoding: gzip, deflate, br
Accept-Language: ru-RU,ru;q=0.9,en-US;q=0.8,en;q=0.7
{"error":"The address 127.0.0.1 is not in the database."}

Time: 03:18:42
IP address: 127.0.0.1
Provider: www.phpmyadmin.vs
Request: https://maosfood.vs/wp-admin/admin-ajax.php
User-Agent: Mozilla/5.0 (Windows NT 10.0; Win64; x64) AppleWebKit/537.36 (KHTML, like Gecko) Chrome/78.0.3904.108 Safari/537.36
Referer: https://maosfood.vs/wp-admin/admin.php?page=inspire_checkout_fields_settings&tab=fields_billing
Accept: application/json, text/javascript, */*; q=0.01
Accept-Encoding: gzip, deflate, br
Accept-Language: ru-RU,ru;q=0.9,en-US;q=0.8,en;q=0.7
{"error":"The address 127.0.0.1 is not in the database."}

Time: 03:20:43
IP address: 127.0.0.1
Provider: www.phpmyadmin.vs
Request: https://maosfood.vs/wp-admin/admin-ajax.php
User-Agent: Mozilla/5.0 (Windows NT 10.0; Win64; x64) AppleWebKit/537.36 (KHTML, like Gecko) Chrome/78.0.3904.108 Safari/537.36
Referer: https://maosfood.vs/wp-admin/admin.php?page=inspire_checkout_fields_settings&tab=fields_billing
Accept: application/json, text/javascript, */*; q=0.01
Accept-Encoding: gzip, deflate, br
Accept-Language: ru-RU,ru;q=0.9,en-US;q=0.8,en;q=0.7
{"error":"The address 127.0.0.1 is not in the database."}

Time: 03:22:44
IP address: 127.0.0.1
Provider: www.phpmyadmin.vs
Request: https://maosfood.vs/wp-admin/admin-ajax.php
User-Agent: Mozilla/5.0 (Windows NT 10.0; Win64; x64) AppleWebKit/537.36 (KHTML, like Gecko) Chrome/78.0.3904.108 Safari/537.36
Referer: https://maosfood.vs/wp-admin/admin.php?page=inspire_checkout_fields_settings&tab=fields_billing
Accept: application/json, text/javascript, */*; q=0.01
Accept-Encoding: gzip, deflate, br
Accept-Language: ru-RU,ru;q=0.9,en-US;q=0.8,en;q=0.7
{"error":"The address 127.0.0.1 is not in the database."}

Time: 03:24:45
IP address: 127.0.0.1
Provider: www.phpmyadmin.vs
Request: https://maosfood.vs/wp-admin/admin-ajax.php
User-Agent: Mozilla/5.0 (Windows NT 10.0; Win64; x64) AppleWebKit/537.36 (KHTML, like Gecko) Chrome/78.0.3904.108 Safari/537.36
Referer: https://maosfood.vs/wp-admin/admin.php?page=inspire_checkout_fields_settings&tab=fields_billing
Accept: application/json, text/javascript, */*; q=0.01
Accept-Encoding: gzip, deflate, br
Accept-Language: ru-RU,ru;q=0.9,en-US;q=0.8,en;q=0.7
{"error":"The address 127.0.0.1 is not in the database."}

Time: 03:26:46
IP address: 127.0.0.1
Provider: www.phpmyadmin.vs
Request: https://maosfood.vs/wp-admin/admin-ajax.php
User-Agent: Mozilla/5.0 (Windows NT 10.0; Win64; x64) AppleWebKit/537.36 (KHTML, like Gecko) Chrome/78.0.3904.108 Safari/537.36
Referer: https://maosfood.vs/wp-admin/admin.php?page=inspire_checkout_fields_settings&tab=fields_billing
Accept: application/json, text/javascript, */*; q=0.01
Accept-Encoding: gzip, deflate, br
Accept-Language: ru-RU,ru;q=0.9,en-US;q=0.8,en;q=0.7
{"error":"The address 127.0.0.1 is not in the database."}

Time: 03:28:47
IP address: 127.0.0.1
Provider: www.phpmyadmin.vs
Request: https://maosfood.vs/wp-admin/admin-ajax.php
User-Agent: Mozilla/5.0 (Windows NT 10.0; Win64; x64) AppleWebKit/537.36 (KHTML, like Gecko) Chrome/78.0.3904.108 Safari/537.36
Referer: https://maosfood.vs/wp-admin/admin.php?page=inspire_checkout_fields_settings&tab=fields_billing
Accept: application/json, text/javascript, */*; q=0.01
Accept-Encoding: gzip, deflate, br
Accept-Language: ru-RU,ru;q=0.9,en-US;q=0.8,en;q=0.7
{"error":"The address 127.0.0.1 is not in the database."}

Time: 03:30:47
IP address: 127.0.0.1
Provider: www.phpmyadmin.vs
Request: https://maosfood.vs/wp-admin/admin-ajax.php
User-Agent: Mozilla/5.0 (Windows NT 10.0; Win64; x64) AppleWebKit/537.36 (KHTML, like Gecko) Chrome/78.0.3904.108 Safari/537.36
Referer: https://maosfood.vs/wp-admin/admin.php?page=inspire_checkout_fields_settings&tab=fields_billing
Accept: application/json, text/javascript, */*; q=0.01
Accept-Encoding: gzip, deflate, br
Accept-Language: ru-RU,ru;q=0.9,en-US;q=0.8,en;q=0.7
{"error":"The address 127.0.0.1 is not in the database."}

Time: 03:32:47
IP address: 127.0.0.1
Provider: www.phpmyadmin.vs
Request: https://maosfood.vs/wp-admin/admin-ajax.php
User-Agent: Mozilla/5.0 (Windows NT 10.0; Win64; x64) AppleWebKit/537.36 (KHTML, like Gecko) Chrome/78.0.3904.108 Safari/537.36
Referer: https://maosfood.vs/wp-admin/admin.php?page=inspire_checkout_fields_settings&tab=fields_billing
Accept: application/json, text/javascript, */*; q=0.01
Accept-Encoding: gzip, deflate, br
Accept-Language: ru-RU,ru;q=0.9,en-US;q=0.8,en;q=0.7
{"error":"The address 127.0.0.1 is not in the database."}

Time: 03:34:47
IP address: 127.0.0.1
Provider: www.phpmyadmin.vs
Request: https://maosfood.vs/wp-admin/admin-ajax.php
User-Agent: Mozilla/5.0 (Windows NT 10.0; Win64; x64) AppleWebKit/537.36 (KHTML, like Gecko) Chrome/78.0.3904.108 Safari/537.36
Referer: https://maosfood.vs/wp-admin/admin.php?page=inspire_checkout_fields_settings&tab=fields_billing
Accept: application/json, text/javascript, */*; q=0.01
Accept-Encoding: gzip, deflate, br
Accept-Language: ru-RU,ru;q=0.9,en-US;q=0.8,en;q=0.7
{"error":"The address 127.0.0.1 is not in the database."}

Time: 03:36:48
IP address: 127.0.0.1
Provider: www.phpmyadmin.vs
Request: https://maosfood.vs/wp-admin/admin-ajax.php
User-Agent: Mozilla/5.0 (Windows NT 10.0; Win64; x64) AppleWebKit/537.36 (KHTML, like Gecko) Chrome/78.0.3904.108 Safari/537.36
Referer: https://maosfood.vs/wp-admin/admin.php?page=inspire_checkout_fields_settings&tab=fields_billing
Accept: application/json, text/javascript, */*; q=0.01
Accept-Encoding: gzip, deflate, br
Accept-Language: ru-RU,ru;q=0.9,en-US;q=0.8,en;q=0.7
{"error":"The address 127.0.0.1 is not in the database."}

Time: 03:38:49
IP address: 127.0.0.1
Provider: www.phpmyadmin.vs
Request: https://maosfood.vs/wp-admin/admin-ajax.php
User-Agent: Mozilla/5.0 (Windows NT 10.0; Win64; x64) AppleWebKit/537.36 (KHTML, like Gecko) Chrome/78.0.3904.108 Safari/537.36
Referer: https://maosfood.vs/wp-admin/admin.php?page=inspire_checkout_fields_settings&tab=fields_billing
Accept: application/json, text/javascript, */*; q=0.01
Accept-Encoding: gzip, deflate, br
Accept-Language: ru-RU,ru;q=0.9,en-US;q=0.8,en;q=0.7
{"error":"The address 127.0.0.1 is not in the database."}

Time: 03:40:50
IP address: 127.0.0.1
Provider: www.phpmyadmin.vs
Request: https://maosfood.vs/wp-admin/admin-ajax.php
User-Agent: Mozilla/5.0 (Windows NT 10.0; Win64; x64) AppleWebKit/537.36 (KHTML, like Gecko) Chrome/78.0.3904.108 Safari/537.36
Referer: https://maosfood.vs/wp-admin/admin.php?page=inspire_checkout_fields_settings&tab=fields_billing
Accept: application/json, text/javascript, */*; q=0.01
Accept-Encoding: gzip, deflate, br
Accept-Language: ru-RU,ru;q=0.9,en-US;q=0.8,en;q=0.7
{"error":"The address 127.0.0.1 is not in the database."}

Time: 03:42:50
IP address: 127.0.0.1
Provider: www.phpmyadmin.vs
Request: https://maosfood.vs/wp-admin/admin-ajax.php
User-Agent: Mozilla/5.0 (Windows NT 10.0; Win64; x64) AppleWebKit/537.36 (KHTML, like Gecko) Chrome/78.0.3904.108 Safari/537.36
Referer: https://maosfood.vs/wp-admin/admin.php?page=inspire_checkout_fields_settings&tab=fields_billing
Accept: application/json, text/javascript, */*; q=0.01
Accept-Encoding: gzip, deflate, br
Accept-Language: ru-RU,ru;q=0.9,en-US;q=0.8,en;q=0.7
{"error":"The address 127.0.0.1 is not in the database."}

Time: 03:44:51
IP address: 127.0.0.1
Provider: www.phpmyadmin.vs
Request: https://maosfood.vs/wp-admin/admin-ajax.php
User-Agent: Mozilla/5.0 (Windows NT 10.0; Win64; x64) AppleWebKit/537.36 (KHTML, like Gecko) Chrome/78.0.3904.108 Safari/537.36
Referer: https://maosfood.vs/wp-admin/admin.php?page=inspire_checkout_fields_settings&tab=fields_billing
Accept: application/json, text/javascript, */*; q=0.01
Accept-Encoding: gzip, deflate, br
Accept-Language: ru-RU,ru;q=0.9,en-US;q=0.8,en;q=0.7
{"error":"The address 127.0.0.1 is not in the database."}

Time: 03:46:52
IP address: 127.0.0.1
Provider: www.phpmyadmin.vs
Request: https://maosfood.vs/wp-admin/admin-ajax.php
User-Agent: Mozilla/5.0 (Windows NT 10.0; Win64; x64) AppleWebKit/537.36 (KHTML, like Gecko) Chrome/78.0.3904.108 Safari/537.36
Referer: https://maosfood.vs/wp-admin/admin.php?page=inspire_checkout_fields_settings&tab=fields_billing
Accept: application/json, text/javascript, */*; q=0.01
Accept-Encoding: gzip, deflate, br
Accept-Language: ru-RU,ru;q=0.9,en-US;q=0.8,en;q=0.7
{"error":"The address 127.0.0.1 is not in the database."}

Time: 03:48:53
IP address: 127.0.0.1
Provider: www.phpmyadmin.vs
Request: https://maosfood.vs/wp-admin/admin-ajax.php
User-Agent: Mozilla/5.0 (Windows NT 10.0; Win64; x64) AppleWebKit/537.36 (KHTML, like Gecko) Chrome/78.0.3904.108 Safari/537.36
Referer: https://maosfood.vs/wp-admin/admin.php?page=inspire_checkout_fields_settings&tab=fields_billing
Accept: application/json, text/javascript, */*; q=0.01
Accept-Encoding: gzip, deflate, br
Accept-Language: ru-RU,ru;q=0.9,en-US;q=0.8,en;q=0.7
{"error":"The address 127.0.0.1 is not in the database."}

Time: 03:50:54
IP address: 127.0.0.1
Provider: www.phpmyadmin.vs
Request: https://maosfood.vs/wp-admin/admin-ajax.php
User-Agent: Mozilla/5.0 (Windows NT 10.0; Win64; x64) AppleWebKit/537.36 (KHTML, like Gecko) Chrome/78.0.3904.108 Safari/537.36
Referer: https://maosfood.vs/wp-admin/admin.php?page=inspire_checkout_fields_settings&tab=fields_billing
Accept: application/json, text/javascript, */*; q=0.01
Accept-Encoding: gzip, deflate, br
Accept-Language: ru-RU,ru;q=0.9,en-US;q=0.8,en;q=0.7
{"error":"The address 127.0.0.1 is not in the database."}

Time: 03:52:55
IP address: 127.0.0.1
Provider: www.phpmyadmin.vs
Request: https://maosfood.vs/wp-admin/admin-ajax.php
User-Agent: Mozilla/5.0 (Windows NT 10.0; Win64; x64) AppleWebKit/537.36 (KHTML, like Gecko) Chrome/78.0.3904.108 Safari/537.36
Referer: https://maosfood.vs/wp-admin/admin.php?page=inspire_checkout_fields_settings&tab=fields_billing
Accept: application/json, text/javascript, */*; q=0.01
Accept-Encoding: gzip, deflate, br
Accept-Language: ru-RU,ru;q=0.9,en-US;q=0.8,en;q=0.7
{"error":"The address 127.0.0.1 is not in the database."}

Time: 03:54:56
IP address: 127.0.0.1
Provider: www.phpmyadmin.vs
Request: https://maosfood.vs/wp-admin/admin-ajax.php
User-Agent: Mozilla/5.0 (Windows NT 10.0; Win64; x64) AppleWebKit/537.36 (KHTML, like Gecko) Chrome/78.0.3904.108 Safari/537.36
Referer: https://maosfood.vs/wp-admin/admin.php?page=inspire_checkout_fields_settings&tab=fields_billing
Accept: application/json, text/javascript, */*; q=0.01
Accept-Encoding: gzip, deflate, br
Accept-Language: ru-RU,ru;q=0.9,en-US;q=0.8,en;q=0.7
{"error":"The address 127.0.0.1 is not in the database."}

Time: 03:56:57
IP address: 127.0.0.1
Provider: www.phpmyadmin.vs
Request: https://maosfood.vs/wp-admin/admin-ajax.php
User-Agent: Mozilla/5.0 (Windows NT 10.0; Win64; x64) AppleWebKit/537.36 (KHTML, like Gecko) Chrome/78.0.3904.108 Safari/537.36
Referer: https://maosfood.vs/wp-admin/admin.php?page=inspire_checkout_fields_settings&tab=fields_billing
Accept: application/json, text/javascript, */*; q=0.01
Accept-Encoding: gzip, deflate, br
Accept-Language: ru-RU,ru;q=0.9,en-US;q=0.8,en;q=0.7
{"error":"The address 127.0.0.1 is not in the database."}

Time: 03:58:58
IP address: 127.0.0.1
Provider: www.phpmyadmin.vs
Request: https://maosfood.vs/wp-admin/admin-ajax.php
User-Agent: Mozilla/5.0 (Windows NT 10.0; Win64; x64) AppleWebKit/537.36 (KHTML, like Gecko) Chrome/78.0.3904.108 Safari/537.36
Referer: https://maosfood.vs/wp-admin/admin.php?page=inspire_checkout_fields_settings&tab=fields_billing
Accept: application/json, text/javascript, */*; q=0.01
Accept-Encoding: gzip, deflate, br
Accept-Language: ru-RU,ru;q=0.9,en-US;q=0.8,en;q=0.7
{"error":"The address 127.0.0.1 is not in the database."}

Time: 04:00:59
IP address: 127.0.0.1
Provider: www.phpmyadmin.vs
Request: https://maosfood.vs/wp-admin/admin-ajax.php
User-Agent: Mozilla/5.0 (Windows NT 10.0; Win64; x64) AppleWebKit/537.36 (KHTML, like Gecko) Chrome/78.0.3904.108 Safari/537.36
Referer: https://maosfood.vs/wp-admin/admin.php?page=inspire_checkout_fields_settings&tab=fields_billing
Accept: application/json, text/javascript, */*; q=0.01
Accept-Encoding: gzip, deflate, br
Accept-Language: ru-RU,ru;q=0.9,en-US;q=0.8,en;q=0.7
{"error":"The address 127.0.0.1 is not in the database."}

