Time: 13:08:54
IP address: 127.0.0.1
Provider: www.phpmyadmin.vs
Request: https://maosfood.vs/checkout/
User-Agent: Mozilla/5.0 (Windows NT 10.0; Win64; x64) AppleWebKit/537.36 (KHTML, like Gecko) Chrome/79.0.3945.88 Safari/537.36
Referer: https://maosfood.vs/
Accept: text/html,application/xhtml+xml,application/xml;q=0.9,image/webp,image/apng,*/*;q=0.8,application/signed-exchange;v=b3;q=0.9
Accept-Encoding: gzip, deflate, br
Accept-Language: ru-RU,ru;q=0.9,en-US;q=0.8,en;q=0.7
{"error":"The address 127.0.0.1 is not in the database."}

Time: 13:08:55
IP address: 127.0.0.1
Provider: www.phpmyadmin.vs
Request: https://maosfood.vs/wp-admin/admin.php?page=wc-settings&tab=email&section=wc_email_new_order
User-Agent: Mozilla/5.0 (Windows NT 10.0; Win64; x64) AppleWebKit/537.36 (KHTML, like Gecko) Chrome/79.0.3945.88 Safari/537.36
Referer: https://maosfood.vs/wp-admin/admin.php?page=wc-settings&tab=email
Accept: text/html,application/xhtml+xml,application/xml;q=0.9,image/webp,image/apng,*/*;q=0.8,application/signed-exchange;v=b3;q=0.9
Accept-Encoding: gzip, deflate, br
Accept-Language: ru-RU,ru;q=0.9,en-US;q=0.8,en;q=0.7
{"error":"The address 127.0.0.1 is not in the database."}

Time: 13:09:17
IP address: 127.0.0.1
Provider: www.phpmyadmin.vs
Request: https://maosfood.vs/wp-login.php?redirect_to=https://maosfood.vs/wp-admin/admin.php?page=wc-settings&tab=email&section=wc_email_new_order&reauth=1
User-Agent: Mozilla/5.0 (Windows NT 10.0; Win64; x64) AppleWebKit/537.36 (KHTML, like Gecko) Chrome/79.0.3945.88 Safari/537.36
Referer: https://maosfood.vs/wp-admin/admin.php?page=wc-settings&tab=email
Accept: text/html,application/xhtml+xml,application/xml;q=0.9,image/webp,image/apng,*/*;q=0.8,application/signed-exchange;v=b3;q=0.9
Accept-Encoding: gzip, deflate, br
Accept-Language: ru-RU,ru;q=0.9,en-US;q=0.8,en;q=0.7
{"error":"The address 127.0.0.1 is not in the database."}

Time: 13:09:27
IP address: 127.0.0.1
Provider: www.phpmyadmin.vs
Request: https://maosfood.vs/wp-login.php
User-Agent: Mozilla/5.0 (Windows NT 10.0; Win64; x64) AppleWebKit/537.36 (KHTML, like Gecko) Chrome/79.0.3945.88 Safari/537.36
Referer: https://maosfood.vs/wp-login.php?redirect_to=https://maosfood.vs/wp-admin/admin.php?page=wc-settings&tab=email&section=wc_email_new_order&reauth=1
Accept: text/html,application/xhtml+xml,application/xml;q=0.9,image/webp,image/apng,*/*;q=0.8,application/signed-exchange;v=b3;q=0.9
Accept-Encoding: gzip, deflate, br
Accept-Language: ru-RU,ru;q=0.9,en-US;q=0.8,en;q=0.7
{"error":"The address 127.0.0.1 is not in the database."}

Time: 13:09:28
IP address: 127.0.0.1
Provider: www.phpmyadmin.vs
Request: https://maosfood.vs/wp-admin/admin.php?page=wc-settings&tab=email&section=wc_email_new_order
User-Agent: Mozilla/5.0 (Windows NT 10.0; Win64; x64) AppleWebKit/537.36 (KHTML, like Gecko) Chrome/79.0.3945.88 Safari/537.36
Referer: https://maosfood.vs/wp-login.php?redirect_to=https://maosfood.vs/wp-admin/admin.php?page=wc-settings&tab=email&section=wc_email_new_order&reauth=1
Accept: text/html,application/xhtml+xml,application/xml;q=0.9,image/webp,image/apng,*/*;q=0.8,application/signed-exchange;v=b3;q=0.9
Accept-Encoding: gzip, deflate, br
Accept-Language: ru-RU,ru;q=0.9,en-US;q=0.8,en;q=0.7
{"error":"The address 127.0.0.1 is not in the database."}

Time: 13:09:35
IP address: 127.0.0.1
Provider: www.phpmyadmin.vs
Request: https://maosfood.vs/wp-admin/admin-ajax.php?_fs_blog_admin=true
User-Agent: Mozilla/5.0 (Windows NT 10.0; Win64; x64) AppleWebKit/537.36 (KHTML, like Gecko) Chrome/79.0.3945.88 Safari/537.36
Referer: https://maosfood.vs/wp-admin/admin.php?page=wc-settings&tab=email&section=wc_email_new_order
Accept: */*
Accept-Encoding: gzip, deflate, br
Accept-Language: ru-RU,ru;q=0.9,en-US;q=0.8,en;q=0.7
{"error":"The address 127.0.0.1 is not in the database."}

Time: 13:09:55
IP address: 127.0.0.1
Provider: www.phpmyadmin.vs
Request: https://maosfood.vs/wp-admin/edit.php?post_type=product
User-Agent: Mozilla/5.0 (Windows NT 10.0; Win64; x64) AppleWebKit/537.36 (KHTML, like Gecko) Chrome/79.0.3945.88 Safari/537.36
Referer: https://maosfood.vs/wp-admin/admin.php?page=wc-settings&tab=email&section=wc_email_new_order
Accept: text/html,application/xhtml+xml,application/xml;q=0.9,image/webp,image/apng,*/*;q=0.8,application/signed-exchange;v=b3;q=0.9
Accept-Encoding: gzip, deflate, br
Accept-Language: ru-RU,ru;q=0.9,en-US;q=0.8,en;q=0.7
{"error":"The address 127.0.0.1 is not in the database."}

Time: 13:10:01
IP address: 127.0.0.1
Provider: www.phpmyadmin.vs
Request: https://maosfood.vs/wp-content/uploads/woocommerce-placeholder-300x300.png
User-Agent: Mozilla/5.0 (Windows NT 10.0; Win64; x64) AppleWebKit/537.36 (KHTML, like Gecko) Chrome/79.0.3945.88 Safari/537.36
Referer: https://maosfood.vs/wp-admin/edit.php?post_type=product
Accept: image/webp,image/apng,image/*,*/*;q=0.8
Accept-Encoding: gzip, deflate, br
Accept-Language: ru-RU,ru;q=0.9,en-US;q=0.8,en;q=0.7
{"error":"The address 127.0.0.1 is not in the database."}

Time: 13:10:02
IP address: 127.0.0.1
Provider: www.phpmyadmin.vs
Request: https://maosfood.vs/wp-admin/admin-ajax.php?_fs_blog_admin=true
User-Agent: Mozilla/5.0 (Windows NT 10.0; Win64; x64) AppleWebKit/537.36 (KHTML, like Gecko) Chrome/79.0.3945.88 Safari/537.36
Referer: https://maosfood.vs/wp-admin/edit.php?post_type=product
Accept: */*
Accept-Encoding: gzip, deflate, br
Accept-Language: ru-RU,ru;q=0.9,en-US;q=0.8,en;q=0.7
{"error":"The address 127.0.0.1 is not in the database."}

Time: 13:10:02
IP address: 127.0.0.1
Provider: www.phpmyadmin.vs
Request: https://maosfood.vs/wp-admin/admin-ajax.php?_fs_blog_admin=true
User-Agent: Mozilla/5.0 (Windows NT 10.0; Win64; x64) AppleWebKit/537.36 (KHTML, like Gecko) Chrome/79.0.3945.88 Safari/537.36
Referer: https://maosfood.vs/wp-admin/edit.php?post_type=product
Accept: application/json, text/javascript, */*; q=0.01
Accept-Encoding: gzip, deflate, br
Accept-Language: ru-RU,ru;q=0.9,en-US;q=0.8,en;q=0.7
{"error":"The address 127.0.0.1 is not in the database."}

Time: 13:10:12
IP address: 127.0.0.1
Provider: www.phpmyadmin.vs
Request: https://maosfood.vs/wp-admin/edit.php?post_type=product&orderby=sku&order=asc
User-Agent: Mozilla/5.0 (Windows NT 10.0; Win64; x64) AppleWebKit/537.36 (KHTML, like Gecko) Chrome/79.0.3945.88 Safari/537.36
Referer: https://maosfood.vs/wp-admin/edit.php?post_type=product
Accept: text/html,application/xhtml+xml,application/xml;q=0.9,image/webp,image/apng,*/*;q=0.8,application/signed-exchange;v=b3;q=0.9
Accept-Encoding: gzip, deflate, br
Accept-Language: ru-RU,ru;q=0.9,en-US;q=0.8,en;q=0.7
{"error":"The address 127.0.0.1 is not in the database."}

Time: 13:10:17
IP address: 127.0.0.1
Provider: www.phpmyadmin.vs
Request: https://maosfood.vs/wp-content/uploads/woocommerce-placeholder-300x300.png
User-Agent: Mozilla/5.0 (Windows NT 10.0; Win64; x64) AppleWebKit/537.36 (KHTML, like Gecko) Chrome/79.0.3945.88 Safari/537.36
Referer: https://maosfood.vs/wp-admin/edit.php?post_type=product&orderby=sku&order=asc
Accept: image/webp,image/apng,image/*,*/*;q=0.8
Accept-Encoding: gzip, deflate, br
Accept-Language: ru-RU,ru;q=0.9,en-US;q=0.8,en;q=0.7
{"error":"The address 127.0.0.1 is not in the database."}

Time: 13:10:18
IP address: 127.0.0.1
Provider: www.phpmyadmin.vs
Request: https://maosfood.vs/wp-admin/admin-ajax.php?_fs_blog_admin=true
User-Agent: Mozilla/5.0 (Windows NT 10.0; Win64; x64) AppleWebKit/537.36 (KHTML, like Gecko) Chrome/79.0.3945.88 Safari/537.36
Referer: https://maosfood.vs/wp-admin/edit.php?post_type=product&orderby=sku&order=asc
Accept: */*
Accept-Encoding: gzip, deflate, br
Accept-Language: ru-RU,ru;q=0.9,en-US;q=0.8,en;q=0.7
{"error":"The address 127.0.0.1 is not in the database."}

Time: 13:10:18
IP address: 127.0.0.1
Provider: www.phpmyadmin.vs
Request: https://maosfood.vs/wp-admin/admin-ajax.php?_fs_blog_admin=true
User-Agent: Mozilla/5.0 (Windows NT 10.0; Win64; x64) AppleWebKit/537.36 (KHTML, like Gecko) Chrome/79.0.3945.88 Safari/537.36
Referer: https://maosfood.vs/wp-admin/edit.php?post_type=product&orderby=sku&order=asc
Accept: application/json, text/javascript, */*; q=0.01
Accept-Encoding: gzip, deflate, br
Accept-Language: ru-RU,ru;q=0.9,en-US;q=0.8,en;q=0.7
{"error":"The address 127.0.0.1 is not in the database."}

Time: 13:10:22
IP address: 127.0.0.1
Provider: www.phpmyadmin.vs
Request: https://maosfood.vs/wp-admin/edit.php?post_type=product&orderby=sku&order=desc
User-Agent: Mozilla/5.0 (Windows NT 10.0; Win64; x64) AppleWebKit/537.36 (KHTML, like Gecko) Chrome/79.0.3945.88 Safari/537.36
Referer: https://maosfood.vs/wp-admin/edit.php?post_type=product&orderby=sku&order=asc
Accept: text/html,application/xhtml+xml,application/xml;q=0.9,image/webp,image/apng,*/*;q=0.8,application/signed-exchange;v=b3;q=0.9
Accept-Encoding: gzip, deflate, br
Accept-Language: ru-RU,ru;q=0.9,en-US;q=0.8,en;q=0.7
{"error":"The address 127.0.0.1 is not in the database."}

Time: 13:10:26
IP address: 127.0.0.1
Provider: www.phpmyadmin.vs
Request: https://maosfood.vs/wp-content/uploads/woocommerce-placeholder-300x300.png
User-Agent: Mozilla/5.0 (Windows NT 10.0; Win64; x64) AppleWebKit/537.36 (KHTML, like Gecko) Chrome/79.0.3945.88 Safari/537.36
Referer: https://maosfood.vs/wp-admin/edit.php?post_type=product&orderby=sku&order=desc
Accept: image/webp,image/apng,image/*,*/*;q=0.8
Accept-Encoding: gzip, deflate, br
Accept-Language: ru-RU,ru;q=0.9,en-US;q=0.8,en;q=0.7
{"error":"The address 127.0.0.1 is not in the database."}

Time: 13:10:28
IP address: 127.0.0.1
Provider: www.phpmyadmin.vs
Request: https://maosfood.vs/wp-admin/admin-ajax.php?_fs_blog_admin=true
User-Agent: Mozilla/5.0 (Windows NT 10.0; Win64; x64) AppleWebKit/537.36 (KHTML, like Gecko) Chrome/79.0.3945.88 Safari/537.36
Referer: https://maosfood.vs/wp-admin/edit.php?post_type=product&orderby=sku&order=desc
Accept: */*
Accept-Encoding: gzip, deflate, br
Accept-Language: ru-RU,ru;q=0.9,en-US;q=0.8,en;q=0.7
{"error":"The address 127.0.0.1 is not in the database."}

Time: 13:10:28
IP address: 127.0.0.1
Provider: www.phpmyadmin.vs
Request: https://maosfood.vs/wp-admin/admin-ajax.php?_fs_blog_admin=true
User-Agent: Mozilla/5.0 (Windows NT 10.0; Win64; x64) AppleWebKit/537.36 (KHTML, like Gecko) Chrome/79.0.3945.88 Safari/537.36
Referer: https://maosfood.vs/wp-admin/edit.php?post_type=product&orderby=sku&order=desc
Accept: application/json, text/javascript, */*; q=0.01
Accept-Encoding: gzip, deflate, br
Accept-Language: ru-RU,ru;q=0.9,en-US;q=0.8,en;q=0.7
{"error":"The address 127.0.0.1 is not in the database."}

Time: 13:10:43
IP address: 127.0.0.1
Provider: www.phpmyadmin.vs
Request: https://maosfood.vs/wp-admin/admin-ajax.php?_fs_blog_admin=true
User-Agent: Mozilla/5.0 (Windows NT 10.0; Win64; x64) AppleWebKit/537.36 (KHTML, like Gecko) Chrome/79.0.3945.88 Safari/537.36
Referer: https://maosfood.vs/wp-admin/edit.php?post_type=product&orderby=sku&order=desc
Accept: application/json, text/javascript, */*; q=0.01
Accept-Encoding: gzip, deflate, br
Accept-Language: ru-RU,ru;q=0.9,en-US;q=0.8,en;q=0.7
{"error":"The address 127.0.0.1 is not in the database."}

Time: 13:12:44
IP address: 127.0.0.1
Provider: www.phpmyadmin.vs
Request: https://maosfood.vs/wp-admin/admin-ajax.php?_fs_blog_admin=true
User-Agent: Mozilla/5.0 (Windows NT 10.0; Win64; x64) AppleWebKit/537.36 (KHTML, like Gecko) Chrome/79.0.3945.88 Safari/537.36
Referer: https://maosfood.vs/wp-admin/edit.php?post_type=product&orderby=sku&order=desc
Accept: application/json, text/javascript, */*; q=0.01
Accept-Encoding: gzip, deflate, br
Accept-Language: ru-RU,ru;q=0.9,en-US;q=0.8,en;q=0.7
{"error":"The address 127.0.0.1 is not in the database."}

Time: 13:14:45
IP address: 127.0.0.1
Provider: www.phpmyadmin.vs
Request: https://maosfood.vs/wp-admin/admin-ajax.php?_fs_blog_admin=true
User-Agent: Mozilla/5.0 (Windows NT 10.0; Win64; x64) AppleWebKit/537.36 (KHTML, like Gecko) Chrome/79.0.3945.88 Safari/537.36
Referer: https://maosfood.vs/wp-admin/edit.php?post_type=product&orderby=sku&order=desc
Accept: application/json, text/javascript, */*; q=0.01
Accept-Encoding: gzip, deflate, br
Accept-Language: ru-RU,ru;q=0.9,en-US;q=0.8,en;q=0.7
{"error":"The address 127.0.0.1 is not in the database."}

Time: 13:15:22
IP address: 127.0.0.1
Provider: www.phpmyadmin.vs
Request: https://maosfood.vs/wp-admin/admin-ajax.php?_fs_blog_admin=true
User-Agent: Mozilla/5.0 (Windows NT 10.0; Win64; x64) AppleWebKit/537.36 (KHTML, like Gecko) Chrome/79.0.3945.88 Safari/537.36
Referer: https://maosfood.vs/wp-admin/edit.php?post_type=product&orderby=sku&order=desc
Accept: application/json, text/javascript, */*; q=0.01
Accept-Encoding: gzip, deflate, br
Accept-Language: ru-RU,ru;q=0.9,en-US;q=0.8,en;q=0.7
{"error":"The address 127.0.0.1 is not in the database."}

Time: 13:15:37
IP address: 127.0.0.1
Provider: www.phpmyadmin.vs
Request: https://maosfood.vs/wp-admin/admin-ajax.php?_fs_blog_admin=true
User-Agent: Mozilla/5.0 (Windows NT 10.0; Win64; x64) AppleWebKit/537.36 (KHTML, like Gecko) Chrome/79.0.3945.88 Safari/537.36
Referer: https://maosfood.vs/wp-admin/edit.php?post_type=product&orderby=sku&order=desc
Accept: application/json, text/javascript, */*; q=0.01
Accept-Encoding: gzip, deflate, br
Accept-Language: ru-RU,ru;q=0.9,en-US;q=0.8,en;q=0.7
{"error":"The address 127.0.0.1 is not in the database."}

Time: 13:15:52
IP address: 127.0.0.1
Provider: www.phpmyadmin.vs
Request: https://maosfood.vs/wp-admin/admin-ajax.php?_fs_blog_admin=true
User-Agent: Mozilla/5.0 (Windows NT 10.0; Win64; x64) AppleWebKit/537.36 (KHTML, like Gecko) Chrome/79.0.3945.88 Safari/537.36
Referer: https://maosfood.vs/wp-admin/edit.php?post_type=product&orderby=sku&order=desc
Accept: application/json, text/javascript, */*; q=0.01
Accept-Encoding: gzip, deflate, br
Accept-Language: ru-RU,ru;q=0.9,en-US;q=0.8,en;q=0.7
{"error":"The address 127.0.0.1 is not in the database."}

Time: 13:16:07
IP address: 127.0.0.1
Provider: www.phpmyadmin.vs
Request: https://maosfood.vs/wp-admin/admin-ajax.php?_fs_blog_admin=true
User-Agent: Mozilla/5.0 (Windows NT 10.0; Win64; x64) AppleWebKit/537.36 (KHTML, like Gecko) Chrome/79.0.3945.88 Safari/537.36
Referer: https://maosfood.vs/wp-admin/edit.php?post_type=product&orderby=sku&order=desc
Accept: application/json, text/javascript, */*; q=0.01
Accept-Encoding: gzip, deflate, br
Accept-Language: ru-RU,ru;q=0.9,en-US;q=0.8,en;q=0.7
{"error":"The address 127.0.0.1 is not in the database."}

Time: 13:17:00
IP address: 127.0.0.1
Provider: www.phpmyadmin.vs
Request: https://maosfood.vs/wp-admin/admin-ajax.php?_fs_blog_admin=true
User-Agent: Mozilla/5.0 (Windows NT 10.0; Win64; x64) AppleWebKit/537.36 (KHTML, like Gecko) Chrome/79.0.3945.88 Safari/537.36
Referer: https://maosfood.vs/wp-admin/edit.php?post_type=product&orderby=sku&order=desc
Accept: application/json, text/javascript, */*; q=0.01
Accept-Encoding: gzip, deflate, br
Accept-Language: ru-RU,ru;q=0.9,en-US;q=0.8,en;q=0.7
{"error":"The address 127.0.0.1 is not in the database."}

Time: 13:17:15
IP address: 127.0.0.1
Provider: www.phpmyadmin.vs
Request: https://maosfood.vs/wp-admin/admin-ajax.php?_fs_blog_admin=true
User-Agent: Mozilla/5.0 (Windows NT 10.0; Win64; x64) AppleWebKit/537.36 (KHTML, like Gecko) Chrome/79.0.3945.88 Safari/537.36
Referer: https://maosfood.vs/wp-admin/edit.php?post_type=product&orderby=sku&order=desc
Accept: application/json, text/javascript, */*; q=0.01
Accept-Encoding: gzip, deflate, br
Accept-Language: ru-RU,ru;q=0.9,en-US;q=0.8,en;q=0.7
{"error":"The address 127.0.0.1 is not in the database."}

Time: 13:17:30
IP address: 127.0.0.1
Provider: www.phpmyadmin.vs
Request: https://maosfood.vs/wp-admin/admin-ajax.php?_fs_blog_admin=true
User-Agent: Mozilla/5.0 (Windows NT 10.0; Win64; x64) AppleWebKit/537.36 (KHTML, like Gecko) Chrome/79.0.3945.88 Safari/537.36
Referer: https://maosfood.vs/wp-admin/edit.php?post_type=product&orderby=sku&order=desc
Accept: application/json, text/javascript, */*; q=0.01
Accept-Encoding: gzip, deflate, br
Accept-Language: ru-RU,ru;q=0.9,en-US;q=0.8,en;q=0.7
{"error":"The address 127.0.0.1 is not in the database."}

Time: 13:17:45
IP address: 127.0.0.1
Provider: www.phpmyadmin.vs
Request: https://maosfood.vs/wp-admin/admin-ajax.php?_fs_blog_admin=true
User-Agent: Mozilla/5.0 (Windows NT 10.0; Win64; x64) AppleWebKit/537.36 (KHTML, like Gecko) Chrome/79.0.3945.88 Safari/537.36
Referer: https://maosfood.vs/wp-admin/edit.php?post_type=product&orderby=sku&order=desc
Accept: application/json, text/javascript, */*; q=0.01
Accept-Encoding: gzip, deflate, br
Accept-Language: ru-RU,ru;q=0.9,en-US;q=0.8,en;q=0.7
{"error":"The address 127.0.0.1 is not in the database."}

Time: 13:19:45
IP address: 127.0.0.1
Provider: www.phpmyadmin.vs
Request: https://maosfood.vs/wp-admin/admin-ajax.php?_fs_blog_admin=true
User-Agent: Mozilla/5.0 (Windows NT 10.0; Win64; x64) AppleWebKit/537.36 (KHTML, like Gecko) Chrome/79.0.3945.88 Safari/537.36
Referer: https://maosfood.vs/wp-admin/edit.php?post_type=product&orderby=sku&order=desc
Accept: application/json, text/javascript, */*; q=0.01
Accept-Encoding: gzip, deflate, br
Accept-Language: ru-RU,ru;q=0.9,en-US;q=0.8,en;q=0.7
{"error":"The address 127.0.0.1 is not in the database."}

Time: 13:21:08
IP address: 127.0.0.1
Provider: www.phpmyadmin.vs
Request: https://maosfood.vs/wp-admin/admin-ajax.php?_fs_blog_admin=true
User-Agent: Mozilla/5.0 (Windows NT 10.0; Win64; x64) AppleWebKit/537.36 (KHTML, like Gecko) Chrome/79.0.3945.88 Safari/537.36
Referer: https://maosfood.vs/wp-admin/edit.php?post_type=product&orderby=sku&order=desc
Accept: application/json, text/javascript, */*; q=0.01
Accept-Encoding: gzip, deflate, br
Accept-Language: ru-RU,ru;q=0.9,en-US;q=0.8,en;q=0.7
{"error":"The address 127.0.0.1 is not in the database."}

Time: 13:23:06
IP address: 127.0.0.1
Provider: www.phpmyadmin.vs
Request: https://maosfood.vs/wp-admin/admin-ajax.php?_fs_blog_admin=true
User-Agent: Mozilla/5.0 (Windows NT 10.0; Win64; x64) AppleWebKit/537.36 (KHTML, like Gecko) Chrome/79.0.3945.88 Safari/537.36
Referer: https://maosfood.vs/wp-admin/edit.php?post_type=product&orderby=sku&order=desc
Accept: application/json, text/javascript, */*; q=0.01
Accept-Encoding: gzip, deflate, br
Accept-Language: ru-RU,ru;q=0.9,en-US;q=0.8,en;q=0.7
{"error":"The address 127.0.0.1 is not in the database."}

Time: 13:23:21
IP address: 127.0.0.1
Provider: www.phpmyadmin.vs
Request: https://maosfood.vs/wp-admin/admin-ajax.php?_fs_blog_admin=true
User-Agent: Mozilla/5.0 (Windows NT 10.0; Win64; x64) AppleWebKit/537.36 (KHTML, like Gecko) Chrome/79.0.3945.88 Safari/537.36
Referer: https://maosfood.vs/wp-admin/edit.php?post_type=product&orderby=sku&order=desc
Accept: application/json, text/javascript, */*; q=0.01
Accept-Encoding: gzip, deflate, br
Accept-Language: ru-RU,ru;q=0.9,en-US;q=0.8,en;q=0.7
{"error":"The address 127.0.0.1 is not in the database."}

Time: 13:23:48
IP address: 127.0.0.1
Provider: www.phpmyadmin.vs
Request: https://maosfood.vs/wp-admin/admin-ajax.php?_fs_blog_admin=true
User-Agent: Mozilla/5.0 (Windows NT 10.0; Win64; x64) AppleWebKit/537.36 (KHTML, like Gecko) Chrome/79.0.3945.88 Safari/537.36
Referer: https://maosfood.vs/wp-admin/edit.php?post_type=product&orderby=sku&order=desc
Accept: application/json, text/javascript, */*; q=0.01
Accept-Encoding: gzip, deflate, br
Accept-Language: ru-RU,ru;q=0.9,en-US;q=0.8,en;q=0.7
{"error":"The address 127.0.0.1 is not in the database."}

Time: 13:24:03
IP address: 127.0.0.1
Provider: www.phpmyadmin.vs
Request: https://maosfood.vs/wp-admin/admin-ajax.php?_fs_blog_admin=true
User-Agent: Mozilla/5.0 (Windows NT 10.0; Win64; x64) AppleWebKit/537.36 (KHTML, like Gecko) Chrome/79.0.3945.88 Safari/537.36
Referer: https://maosfood.vs/wp-admin/edit.php?post_type=product&orderby=sku&order=desc
Accept: application/json, text/javascript, */*; q=0.01
Accept-Encoding: gzip, deflate, br
Accept-Language: ru-RU,ru;q=0.9,en-US;q=0.8,en;q=0.7
{"error":"The address 127.0.0.1 is not in the database."}

Time: 13:24:52
IP address: 127.0.0.1
Provider: www.phpmyadmin.vs
Request: https://maosfood.vs
User-Agent: Mozilla/5.0 (Windows NT 10.0; Win64; x64) AppleWebKit/537.36 (KHTML, like Gecko) Chrome/79.0.3945.88 Safari/537.36
Accept: text/html,application/xhtml+xml,application/xml;q=0.9,image/webp,image/apng,*/*;q=0.8,application/signed-exchange;v=b3;q=0.9
Accept-Encoding: gzip, deflate, br
Accept-Language: ru-RU,ru;q=0.9,en-US;q=0.8,en;q=0.7
{"error":"The address 127.0.0.1 is not in the database."}

Time: 13:24:56
IP address: 127.0.0.1
Provider: www.phpmyadmin.vs
Request: https://maosfood.vs/?wc-ajax=get_refreshed_fragments
User-Agent: Mozilla/5.0 (Windows NT 10.0; Win64; x64) AppleWebKit/537.36 (KHTML, like Gecko) Chrome/79.0.3945.88 Safari/537.36
Referer: https://maosfood.vs/
Accept: */*
Accept-Encoding: gzip, deflate, br
Accept-Language: ru-RU,ru;q=0.9,en-US;q=0.8,en;q=0.7
{"error":"The address 127.0.0.1 is not in the database."}

Time: 13:26:04
IP address: 127.0.0.1
Provider: www.phpmyadmin.vs
Request: https://maosfood.vs/wp-admin/admin-ajax.php?_fs_blog_admin=true
User-Agent: Mozilla/5.0 (Windows NT 10.0; Win64; x64) AppleWebKit/537.36 (KHTML, like Gecko) Chrome/79.0.3945.88 Safari/537.36
Referer: https://maosfood.vs/wp-admin/edit.php?post_type=product&orderby=sku&order=desc
Accept: application/json, text/javascript, */*; q=0.01
Accept-Encoding: gzip, deflate, br
Accept-Language: ru-RU,ru;q=0.9,en-US;q=0.8,en;q=0.7
{"error":"The address 127.0.0.1 is not in the database."}

Time: 13:28:05
IP address: 127.0.0.1
Provider: www.phpmyadmin.vs
Request: https://maosfood.vs/wp-admin/admin-ajax.php?_fs_blog_admin=true
User-Agent: Mozilla/5.0 (Windows NT 10.0; Win64; x64) AppleWebKit/537.36 (KHTML, like Gecko) Chrome/79.0.3945.88 Safari/537.36
Referer: https://maosfood.vs/wp-admin/edit.php?post_type=product&orderby=sku&order=desc
Accept: application/json, text/javascript, */*; q=0.01
Accept-Encoding: gzip, deflate, br
Accept-Language: ru-RU,ru;q=0.9,en-US;q=0.8,en;q=0.7
{"error":"The address 127.0.0.1 is not in the database."}

Time: 13:30:06
IP address: 127.0.0.1
Provider: www.phpmyadmin.vs
Request: https://maosfood.vs/wp-admin/admin-ajax.php?_fs_blog_admin=true
User-Agent: Mozilla/5.0 (Windows NT 10.0; Win64; x64) AppleWebKit/537.36 (KHTML, like Gecko) Chrome/79.0.3945.88 Safari/537.36
Referer: https://maosfood.vs/wp-admin/edit.php?post_type=product&orderby=sku&order=desc
Accept: application/json, text/javascript, */*; q=0.01
Accept-Encoding: gzip, deflate, br
Accept-Language: ru-RU,ru;q=0.9,en-US;q=0.8,en;q=0.7
{"error":"The address 127.0.0.1 is not in the database."}

Time: 13:32:07
IP address: 127.0.0.1
Provider: www.phpmyadmin.vs
Request: https://maosfood.vs/wp-admin/admin-ajax.php?_fs_blog_admin=true
User-Agent: Mozilla/5.0 (Windows NT 10.0; Win64; x64) AppleWebKit/537.36 (KHTML, like Gecko) Chrome/79.0.3945.88 Safari/537.36
Referer: https://maosfood.vs/wp-admin/edit.php?post_type=product&orderby=sku&order=desc
Accept: application/json, text/javascript, */*; q=0.01
Accept-Encoding: gzip, deflate, br
Accept-Language: ru-RU,ru;q=0.9,en-US;q=0.8,en;q=0.7
{"error":"The address 127.0.0.1 is not in the database."}

