Time: 11:33:40
IP address: 127.0.0.1
Provider: www.phpmyadmin.vs
Request: https://maosfood.vs/wp-content/uploads/woocommerce-placeholder-300x300.png
User-Agent: Mozilla/5.0 (Windows NT 10.0; Win64; x64) AppleWebKit/537.36 (KHTML, like Gecko) Chrome/78.0.3904.97 Safari/537.36
Referer: https://maosfood.vs/cart/
Accept: image/webp,image/apng,image/*,*/*;q=0.8
Accept-Encoding: gzip, deflate, br
Accept-Language: ru-RU,ru;q=0.9,en-US;q=0.8,en;q=0.7
{"error":"The address 127.0.0.1 is not in the database."}

Time: 11:34:14
IP address: 127.0.0.1
Provider: www.phpmyadmin.vs
Request: https://maosfood.vs/wp-content/uploads/woocommerce-placeholder-300x300.png
User-Agent: Mozilla/5.0 (Windows NT 10.0; Win64; x64) AppleWebKit/537.36 (KHTML, like Gecko) Chrome/78.0.3904.97 Safari/537.36
Referer: https://maosfood.vs/cart/
Accept: image/webp,image/apng,image/*,*/*;q=0.8
Accept-Encoding: gzip, deflate, br
Accept-Language: ru-RU,ru;q=0.9,en-US;q=0.8,en;q=0.7
{"error":"The address 127.0.0.1 is not in the database."}

Time: 11:37:20
IP address: 127.0.0.1
Provider: www.phpmyadmin.vs
Request: https://maosfood.vs/wp-content/uploads/woocommerce-placeholder-300x300.png
User-Agent: Mozilla/5.0 (Windows NT 10.0; Win64; x64) AppleWebKit/537.36 (KHTML, like Gecko) Chrome/78.0.3904.97 Safari/537.36
Referer: https://maosfood.vs/cart/
Accept: image/webp,image/apng,image/*,*/*;q=0.8
Accept-Encoding: gzip, deflate, br
Accept-Language: ru-RU,ru;q=0.9,en-US;q=0.8,en;q=0.7
{"error":"The address 127.0.0.1 is not in the database."}

Time: 11:39:35
IP address: 127.0.0.1
Provider: www.phpmyadmin.vs
Request: https://maosfood.vs/wp-content/uploads/woocommerce-placeholder-300x300.png
User-Agent: Mozilla/5.0 (Windows NT 10.0; Win64; x64) AppleWebKit/537.36 (KHTML, like Gecko) Chrome/78.0.3904.97 Safari/537.36
Referer: https://maosfood.vs/cart/
Accept: image/webp,image/apng,image/*,*/*;q=0.8
Accept-Encoding: gzip, deflate, br
Accept-Language: ru-RU,ru;q=0.9,en-US;q=0.8,en;q=0.7
{"error":"The address 127.0.0.1 is not in the database."}

Time: 11:41:07
IP address: 127.0.0.1
Provider: www.phpmyadmin.vs
Request: https://maosfood.vs/wp-content/uploads/woocommerce-placeholder-300x300.png
User-Agent: Mozilla/5.0 (Windows NT 10.0; Win64; x64) AppleWebKit/537.36 (KHTML, like Gecko) Chrome/78.0.3904.97 Safari/537.36
Referer: https://maosfood.vs/cart/
Accept: image/webp,image/apng,image/*,*/*;q=0.8
Accept-Encoding: gzip, deflate, br
Accept-Language: ru-RU,ru;q=0.9,en-US;q=0.8,en;q=0.7
{"error":"The address 127.0.0.1 is not in the database."}

Time: 11:46:36
IP address: 127.0.0.1
Provider: www.phpmyadmin.vs
Request: https://maosfood.vs/wp-content/uploads/woocommerce-placeholder-300x300.png
User-Agent: Mozilla/5.0 (Windows NT 10.0; Win64; x64) AppleWebKit/537.36 (KHTML, like Gecko) Chrome/78.0.3904.97 Safari/537.36
Referer: https://maosfood.vs/product-category/kategorii_tovariv/
Accept: image/webp,image/apng,image/*,*/*;q=0.8
Accept-Encoding: gzip, deflate, br
Accept-Language: ru-RU,ru;q=0.9,en-US;q=0.8,en;q=0.7
{"error":"The address 127.0.0.1 is not in the database."}

Time: 11:46:42
IP address: 127.0.0.1
Provider: www.phpmyadmin.vs
Request: https://maosfood.vs/wp-content/uploads/woocommerce-placeholder-300x300.png
User-Agent: Mozilla/5.0 (Windows NT 10.0; Win64; x64) AppleWebKit/537.36 (KHTML, like Gecko) Chrome/78.0.3904.97 Safari/537.36
Referer: https://maosfood.vs/product-category/kategorii_tovariv/
Accept: image/webp,image/apng,image/*,*/*;q=0.8
Accept-Encoding: gzip, deflate, br
Accept-Language: ru-RU,ru;q=0.9,en-US;q=0.8,en;q=0.7
{"error":"The address 127.0.0.1 is not in the database."}

Time: 11:47:23
IP address: 127.0.0.1
Provider: www.phpmyadmin.vs
Request: https://maosfood.vs/wp-content/uploads/woocommerce-placeholder-300x300.png
User-Agent: Mozilla/5.0 (Windows NT 10.0; Win64; x64) AppleWebKit/537.36 (KHTML, like Gecko) Chrome/78.0.3904.97 Safari/537.36
Referer: https://maosfood.vs/cart/
Accept: image/webp,image/apng,image/*,*/*;q=0.8
Accept-Encoding: gzip, deflate, br
Accept-Language: ru-RU,ru;q=0.9,en-US;q=0.8,en;q=0.7
{"error":"The address 127.0.0.1 is not in the database."}

Time: 11:52:00
IP address: 127.0.0.1
Provider: www.phpmyadmin.vs
Request: https://maosfood.vs/wp-content/uploads/woocommerce-placeholder-300x300.png
User-Agent: Mozilla/5.0 (Windows NT 10.0; Win64; x64) AppleWebKit/537.36 (KHTML, like Gecko) Chrome/78.0.3904.97 Safari/537.36
Referer: https://maosfood.vs/product-category/kategorii_tovariv/
Accept: image/webp,image/apng,image/*,*/*;q=0.8
Accept-Encoding: gzip, deflate, br
Accept-Language: ru-RU,ru;q=0.9,en-US;q=0.8,en;q=0.7
{"error":"The address 127.0.0.1 is not in the database."}

Time: 12:08:13
IP address: 127.0.0.1
Provider: www.phpmyadmin.vs
Request: https://maosfood.vs/wp-content/uploads/woocommerce-placeholder-300x300.png
User-Agent: Mozilla/5.0 (Windows NT 10.0; Win64; x64) AppleWebKit/537.36 (KHTML, like Gecko) Chrome/78.0.3904.97 Safari/537.36
Referer: https://maosfood.vs/product-category/kategorii_tovariv/
Accept: image/webp,image/apng,image/*,*/*;q=0.8
Accept-Encoding: gzip, deflate, br
Accept-Language: ru-RU,ru;q=0.9,en-US;q=0.8,en;q=0.7
{"error":"The address 127.0.0.1 is not in the database."}

Time: 12:08:40
IP address: 127.0.0.1
Provider: www.phpmyadmin.vs
Request: https://maosfood.vs/wp-content/uploads/woocommerce-placeholder-300x300.png
User-Agent: Mozilla/5.0 (Windows NT 10.0; Win64; x64) AppleWebKit/537.36 (KHTML, like Gecko) Chrome/78.0.3904.97 Safari/537.36
Referer: https://maosfood.vs/cart/
Accept: image/webp,image/apng,image/*,*/*;q=0.8
Accept-Encoding: gzip, deflate, br
Accept-Language: ru-RU,ru;q=0.9,en-US;q=0.8,en;q=0.7
{"error":"The address 127.0.0.1 is not in the database."}

Time: 12:27:33
IP address: 127.0.0.1
Provider: www.phpmyadmin.vs
Request: https://maosfood.vs/wp-content/uploads/woocommerce-placeholder-300x300.png
User-Agent: Mozilla/5.0 (Windows NT 10.0; Win64; x64) AppleWebKit/537.36 (KHTML, like Gecko) Chrome/78.0.3904.97 Safari/537.36
Referer: https://maosfood.vs/cart/
Accept: image/webp,image/apng,image/*,*/*;q=0.8
Accept-Encoding: gzip, deflate, br
Accept-Language: ru-RU,ru;q=0.9,en-US;q=0.8,en;q=0.7
{"error":"The address 127.0.0.1 is not in the database."}

Time: 12:30:24
IP address: 127.0.0.1
Provider: www.phpmyadmin.vs
Request: https://maosfood.vs/wp-content/uploads/woocommerce-placeholder-150x150.png
User-Agent: Mozilla/5.0 (Windows NT 10.0; Win64; x64) AppleWebKit/537.36 (KHTML, like Gecko) Chrome/78.0.3904.97 Safari/537.36
Referer: https://maosfood.vs/wp-admin/edit.php?post_type=product
Accept: image/webp,image/apng,image/*,*/*;q=0.8
Accept-Encoding: gzip, deflate, br
Accept-Language: ru-RU,ru;q=0.9,en-US;q=0.8,en;q=0.7
{"error":"The address 127.0.0.1 is not in the database."}

Time: 12:47:26
IP address: 127.0.0.1
Provider: www.phpmyadmin.vs
Request: https://maosfood.vs/wp-content/uploads/woocommerce-placeholder-300x300.png
User-Agent: Mozilla/5.0 (Windows NT 10.0; Win64; x64) AppleWebKit/537.36 (KHTML, like Gecko) Chrome/78.0.3904.97 Safari/537.36
Referer: https://maosfood.vs/cart/
Accept: image/webp,image/apng,image/*,*/*;q=0.8
Accept-Encoding: gzip, deflate, br
Accept-Language: ru-RU,ru;q=0.9,en-US;q=0.8,en;q=0.7
{"error":"The address 127.0.0.1 is not in the database."}

Time: 12:49:48
IP address: 127.0.0.1
Provider: www.phpmyadmin.vs
Request: https://maosfood.vs/wp-content/uploads/woocommerce-placeholder-300x300.png
User-Agent: Mozilla/5.0 (Windows NT 10.0; Win64; x64) AppleWebKit/537.36 (KHTML, like Gecko) Chrome/78.0.3904.97 Safari/537.36
Referer: https://maosfood.vs/product-category/kategorii_tovariv/
Accept: image/webp,image/apng,image/*,*/*;q=0.8
Accept-Encoding: gzip, deflate, br
Accept-Language: ru-RU,ru;q=0.9,en-US;q=0.8,en;q=0.7
{"error":"The address 127.0.0.1 is not in the database."}

Time: 12:49:56
IP address: 127.0.0.1
Provider: www.phpmyadmin.vs
Request: https://maosfood.vs/wp-content/uploads/woocommerce-placeholder-300x300.png
User-Agent: Mozilla/5.0 (Windows NT 10.0; Win64; x64) AppleWebKit/537.36 (KHTML, like Gecko) Chrome/78.0.3904.97 Safari/537.36
Referer: https://maosfood.vs/product-category/kategorii_tovariv/page/35/
Accept: image/webp,image/apng,image/*,*/*;q=0.8
Accept-Encoding: gzip, deflate, br
Accept-Language: ru-RU,ru;q=0.9,en-US;q=0.8,en;q=0.7
{"error":"The address 127.0.0.1 is not in the database."}

