Time: 16:19:18
IP address: 193.33.64.36
Provider: u11664.alfa-inet.net
Request: http://maosfood.com/wp-admin/admin-ajax.php
User-Agent: Mozilla/5.0 (Windows NT 10.0; Win64; x64) AppleWebKit/537.36 (KHTML, like Gecko) Chrome/78.0.3904.97 Safari/537.36
Referer: https://maosfood.com/wp-admin/
Accept: application/json, text/javascript, */*; q=0.01
Accept-Encoding: gzip, deflate, br
Accept-Language: ru-RU,ru;q=0.9,en-US;q=0.8,en;q=0.7
{"city":{"name":null,"geonameid":null,"postalcode":null},"location":{"latitude":36.183300000000002683009370230138301849365234375,"longitude":-5.3666999999999998038902049302123486995697021484375,"timezone":"Europe\/Gibraltar"},"country":{"name":"Gibraltar","geonameid":2411586,"code":"GI"},"continent":{"name":"Europe","geonameid":6255148,"code":"EU"},"asn":{"autonomousSystemNumber":42372,"autonomousSystemOrganization":"Netassist Limited","ipaddress":"193.33.64.36"},"provider":"GeoLite2","version":"IPV4"}

Time: 16:19:19
IP address: 193.33.64.36
Provider: u11664.alfa-inet.net
Request: http://maosfood.com/wp-login.php?interim-login=1&wp_lang=ru_RU
User-Agent: Mozilla/5.0 (Windows NT 10.0; Win64; x64) AppleWebKit/537.36 (KHTML, like Gecko) Chrome/78.0.3904.97 Safari/537.36
Referer: https://maosfood.com/wp-admin/
Accept: text/html,application/xhtml+xml,application/xml;q=0.9,image/webp,image/apng,*/*;q=0.8,application/signed-exchange;v=b3
Accept-Encoding: gzip, deflate, br
Accept-Language: ru-RU,ru;q=0.9,en-US;q=0.8,en;q=0.7
{"city":{"name":null,"geonameid":null,"postalcode":null},"location":{"latitude":36.183300000000002683009370230138301849365234375,"longitude":-5.3666999999999998038902049302123486995697021484375,"timezone":"Europe\/Gibraltar"},"country":{"name":"Gibraltar","geonameid":2411586,"code":"GI"},"continent":{"name":"Europe","geonameid":6255148,"code":"EU"},"asn":{"autonomousSystemNumber":42372,"autonomousSystemOrganization":"Netassist Limited","ipaddress":"193.33.64.36"},"provider":"GeoLite2","version":"IPV4"}

Time: 16:19:22
IP address: 193.33.64.36
Provider: u11664.alfa-inet.net
Request: http://maosfood.com/wp-admin/
User-Agent: Mozilla/5.0 (Windows NT 10.0; Win64; x64) AppleWebKit/537.36 (KHTML, like Gecko) Chrome/78.0.3904.97 Safari/537.36
Referer: https://maosfood.com/wp-login.php
Accept: text/html,application/xhtml+xml,application/xml;q=0.9,image/webp,image/apng,*/*;q=0.8,application/signed-exchange;v=b3
Accept-Encoding: gzip, deflate, br
Accept-Language: ru-RU,ru;q=0.9,en-US;q=0.8,en;q=0.7
{"city":{"name":null,"geonameid":null,"postalcode":null},"location":{"latitude":36.183300000000002683009370230138301849365234375,"longitude":-5.3666999999999998038902049302123486995697021484375,"timezone":"Europe\/Gibraltar"},"country":{"name":"Gibraltar","geonameid":2411586,"code":"GI"},"continent":{"name":"Europe","geonameid":6255148,"code":"EU"},"asn":{"autonomousSystemNumber":42372,"autonomousSystemOrganization":"Netassist Limited","ipaddress":"193.33.64.36"},"provider":"GeoLite2","version":"IPV4"}

Time: 16:19:23
IP address: 193.33.64.36
Provider: u11664.alfa-inet.net
Request: http://maosfood.com/wp-login.php?redirect_to=https://maosfood.com/wp-admin/&reauth=1
User-Agent: Mozilla/5.0 (Windows NT 10.0; Win64; x64) AppleWebKit/537.36 (KHTML, like Gecko) Chrome/78.0.3904.97 Safari/537.36
Referer: https://maosfood.com/wp-login.php
Accept: text/html,application/xhtml+xml,application/xml;q=0.9,image/webp,image/apng,*/*;q=0.8,application/signed-exchange;v=b3
Accept-Encoding: gzip, deflate, br
Accept-Language: ru-RU,ru;q=0.9,en-US;q=0.8,en;q=0.7
{"city":{"name":null,"geonameid":null,"postalcode":null},"location":{"latitude":36.183300000000002683009370230138301849365234375,"longitude":-5.3666999999999998038902049302123486995697021484375,"timezone":"Europe\/Gibraltar"},"country":{"name":"Gibraltar","geonameid":2411586,"code":"GI"},"continent":{"name":"Europe","geonameid":6255148,"code":"EU"},"asn":{"autonomousSystemNumber":42372,"autonomousSystemOrganization":"Netassist Limited","ipaddress":"193.33.64.36"},"provider":"GeoLite2","version":"IPV4"}

Time: 16:19:30
IP address: 193.33.64.36
Provider: u11664.alfa-inet.net
Request: http://maosfood.com/wp-login.php?redirect_to=https://maosfood.com/wp-admin/&reauth=1
User-Agent: Mozilla/5.0 (Windows NT 10.0; Win64; x64) AppleWebKit/537.36 (KHTML, like Gecko) Chrome/78.0.3904.97 Safari/537.36
Referer: https://maosfood.com/wp-login.php
Accept: text/html,application/xhtml+xml,application/xml;q=0.9,image/webp,image/apng,*/*;q=0.8,application/signed-exchange;v=b3
Accept-Encoding: gzip, deflate, br
Accept-Language: ru-RU,ru;q=0.9,en-US;q=0.8,en;q=0.7
{"city":{"name":null,"geonameid":null,"postalcode":null},"location":{"latitude":36.183300000000002683009370230138301849365234375,"longitude":-5.3666999999999998038902049302123486995697021484375,"timezone":"Europe\/Gibraltar"},"country":{"name":"Gibraltar","geonameid":2411586,"code":"GI"},"continent":{"name":"Europe","geonameid":6255148,"code":"EU"},"asn":{"autonomousSystemNumber":42372,"autonomousSystemOrganization":"Netassist Limited","ipaddress":"193.33.64.36"},"provider":"GeoLite2","version":"IPV4"}

Time: 16:19:42
IP address: 193.33.64.36
Provider: u11664.alfa-inet.net
Request: http://maosfood.com/wp-login.php?redirect_to=https://maosfood.com/wp-admin/&reauth=1
User-Agent: Mozilla/5.0 (Windows NT 10.0; Win64; x64) AppleWebKit/537.36 (KHTML, like Gecko) Chrome/78.0.3904.97 Safari/537.36
Referer: https://maosfood.com/wp-login.php
Accept: text/html,application/xhtml+xml,application/xml;q=0.9,image/webp,image/apng,*/*;q=0.8,application/signed-exchange;v=b3
Accept-Encoding: gzip, deflate, br
Accept-Language: ru-RU,ru;q=0.9,en-US;q=0.8,en;q=0.7
{"city":{"name":null,"geonameid":null,"postalcode":null},"location":{"latitude":36.183300000000002683009370230138301849365234375,"longitude":-5.3666999999999998038902049302123486995697021484375,"timezone":"Europe\/Gibraltar"},"country":{"name":"Gibraltar","geonameid":2411586,"code":"GI"},"continent":{"name":"Europe","geonameid":6255148,"code":"EU"},"asn":{"autonomousSystemNumber":42372,"autonomousSystemOrganization":"Netassist Limited","ipaddress":"193.33.64.36"},"provider":"GeoLite2","version":"IPV4"}

Time: 16:19:52
IP address: 193.33.64.36
Provider: u11664.alfa-inet.net
Request: http://maosfood.com/wp-login.php
User-Agent: Mozilla/5.0 (Windows NT 10.0; Win64; x64) AppleWebKit/537.36 (KHTML, like Gecko) Chrome/78.0.3904.97 Safari/537.36
Referer: https://maosfood.com/wp-login.php?redirect_to=https://maosfood.com/wp-admin/&reauth=1
Accept: text/html,application/xhtml+xml,application/xml;q=0.9,image/webp,image/apng,*/*;q=0.8,application/signed-exchange;v=b3
Accept-Encoding: gzip, deflate, br
Accept-Language: ru-RU,ru;q=0.9,en-US;q=0.8,en;q=0.7
{"city":{"name":null,"geonameid":null,"postalcode":null},"location":{"latitude":36.183300000000002683009370230138301849365234375,"longitude":-5.3666999999999998038902049302123486995697021484375,"timezone":"Europe\/Gibraltar"},"country":{"name":"Gibraltar","geonameid":2411586,"code":"GI"},"continent":{"name":"Europe","geonameid":6255148,"code":"EU"},"asn":{"autonomousSystemNumber":42372,"autonomousSystemOrganization":"Netassist Limited","ipaddress":"193.33.64.36"},"provider":"GeoLite2","version":"IPV4"}

Time: 16:19:53
IP address: 193.33.64.36
Provider: u11664.alfa-inet.net
Request: http://maosfood.com/wp-admin/
User-Agent: Mozilla/5.0 (Windows NT 10.0; Win64; x64) AppleWebKit/537.36 (KHTML, like Gecko) Chrome/78.0.3904.97 Safari/537.36
Referer: https://maosfood.com/wp-login.php?redirect_to=https://maosfood.com/wp-admin/&reauth=1
Accept: text/html,application/xhtml+xml,application/xml;q=0.9,image/webp,image/apng,*/*;q=0.8,application/signed-exchange;v=b3
Accept-Encoding: gzip, deflate, br
Accept-Language: ru-RU,ru;q=0.9,en-US;q=0.8,en;q=0.7
{"city":{"name":null,"geonameid":null,"postalcode":null},"location":{"latitude":36.183300000000002683009370230138301849365234375,"longitude":-5.3666999999999998038902049302123486995697021484375,"timezone":"Europe\/Gibraltar"},"country":{"name":"Gibraltar","geonameid":2411586,"code":"GI"},"continent":{"name":"Europe","geonameid":6255148,"code":"EU"},"asn":{"autonomousSystemNumber":42372,"autonomousSystemOrganization":"Netassist Limited","ipaddress":"193.33.64.36"},"provider":"GeoLite2","version":"IPV4"}

Time: 16:19:59
IP address: 193.33.64.36
Provider: u11664.alfa-inet.net
Request: http://maosfood.com/wp-json/yoast/v1/statistics
User-Agent: Mozilla/5.0 (Windows NT 10.0; Win64; x64) AppleWebKit/537.36 (KHTML, like Gecko) Chrome/78.0.3904.97 Safari/537.36
Referer: https://maosfood.com/wp-admin/
Accept: */*
Accept-Encoding: gzip, deflate, br
Accept-Language: ru-RU,ru;q=0.9,en-US;q=0.8,en;q=0.7
{"city":{"name":null,"geonameid":null,"postalcode":null},"location":{"latitude":36.183300000000002683009370230138301849365234375,"longitude":-5.3666999999999998038902049302123486995697021484375,"timezone":"Europe\/Gibraltar"},"country":{"name":"Gibraltar","geonameid":2411586,"code":"GI"},"continent":{"name":"Europe","geonameid":6255148,"code":"EU"},"asn":{"autonomousSystemNumber":42372,"autonomousSystemOrganization":"Netassist Limited","ipaddress":"193.33.64.36"},"provider":"GeoLite2","version":"IPV4"}

Time: 16:19:59
IP address: 193.33.64.36
Provider: u11664.alfa-inet.net
Request: http://maosfood.com/wp-json/yoast/v1/ryte
User-Agent: Mozilla/5.0 (Windows NT 10.0; Win64; x64) AppleWebKit/537.36 (KHTML, like Gecko) Chrome/78.0.3904.97 Safari/537.36
Referer: https://maosfood.com/wp-admin/
Accept: */*
Accept-Encoding: gzip, deflate, br
Accept-Language: ru-RU,ru;q=0.9,en-US;q=0.8,en;q=0.7
{"city":{"name":null,"geonameid":null,"postalcode":null},"location":{"latitude":36.183300000000002683009370230138301849365234375,"longitude":-5.3666999999999998038902049302123486995697021484375,"timezone":"Europe\/Gibraltar"},"country":{"name":"Gibraltar","geonameid":2411586,"code":"GI"},"continent":{"name":"Europe","geonameid":6255148,"code":"EU"},"asn":{"autonomousSystemNumber":42372,"autonomousSystemOrganization":"Netassist Limited","ipaddress":"193.33.64.36"},"provider":"GeoLite2","version":"IPV4"}

Time: 16:19:59
IP address: 193.33.64.36
Provider: u11664.alfa-inet.net
Request: http://maosfood.com/wp-admin/admin-ajax.php
User-Agent: Mozilla/5.0 (Windows NT 10.0; Win64; x64) AppleWebKit/537.36 (KHTML, like Gecko) Chrome/78.0.3904.97 Safari/537.36
Referer: https://maosfood.com/wp-admin/
Accept: */*
Accept-Encoding: gzip, deflate, br
Accept-Language: ru-RU,ru;q=0.9,en-US;q=0.8,en;q=0.7
{"city":{"name":null,"geonameid":null,"postalcode":null},"location":{"latitude":36.183300000000002683009370230138301849365234375,"longitude":-5.3666999999999998038902049302123486995697021484375,"timezone":"Europe\/Gibraltar"},"country":{"name":"Gibraltar","geonameid":2411586,"code":"GI"},"continent":{"name":"Europe","geonameid":6255148,"code":"EU"},"asn":{"autonomousSystemNumber":42372,"autonomousSystemOrganization":"Netassist Limited","ipaddress":"193.33.64.36"},"provider":"GeoLite2","version":"IPV4"}

Time: 16:20:00
IP address: 193.33.64.36
Provider: u11664.alfa-inet.net
Request: http://maosfood.com/wp-admin/admin-ajax.php?action=dashboard-widgets&widget=dashboard_primary&pagenow=dashboard&pll_ajax_backend=1&pll_post_id=4087
User-Agent: Mozilla/5.0 (Windows NT 10.0; Win64; x64) AppleWebKit/537.36 (KHTML, like Gecko) Chrome/78.0.3904.97 Safari/537.36
Referer: https://maosfood.com/wp-admin/
Accept: text/html, */*; q=0.01
Accept-Encoding: gzip, deflate, br
Accept-Language: ru-RU,ru;q=0.9,en-US;q=0.8,en;q=0.7
{"city":{"name":null,"geonameid":null,"postalcode":null},"location":{"latitude":36.183300000000002683009370230138301849365234375,"longitude":-5.3666999999999998038902049302123486995697021484375,"timezone":"Europe\/Gibraltar"},"country":{"name":"Gibraltar","geonameid":2411586,"code":"GI"},"continent":{"name":"Europe","geonameid":6255148,"code":"EU"},"asn":{"autonomousSystemNumber":42372,"autonomousSystemOrganization":"Netassist Limited","ipaddress":"193.33.64.36"},"provider":"GeoLite2","version":"IPV4"}

Time: 16:20:00
IP address: 193.33.64.36
Provider: u11664.alfa-inet.net
Request: http://maosfood.com/wp-admin/admin-ajax.php
User-Agent: Mozilla/5.0 (Windows NT 10.0; Win64; x64) AppleWebKit/537.36 (KHTML, like Gecko) Chrome/78.0.3904.97 Safari/537.36
Referer: https://maosfood.com/wp-admin/
Accept: */*
Accept-Encoding: gzip, deflate, br
Accept-Language: ru-RU,ru;q=0.9,en-US;q=0.8,en;q=0.7
{"city":{"name":null,"geonameid":null,"postalcode":null},"location":{"latitude":36.183300000000002683009370230138301849365234375,"longitude":-5.3666999999999998038902049302123486995697021484375,"timezone":"Europe\/Gibraltar"},"country":{"name":"Gibraltar","geonameid":2411586,"code":"GI"},"continent":{"name":"Europe","geonameid":6255148,"code":"EU"},"asn":{"autonomousSystemNumber":42372,"autonomousSystemOrganization":"Netassist Limited","ipaddress":"193.33.64.36"},"provider":"GeoLite2","version":"IPV4"}

Time: 16:20:08
IP address: 193.33.64.36
Provider: u11664.alfa-inet.net
Request: http://maosfood.com/wp-admin/edit-tags.php?taxonomy=product_cat&post_type=product
User-Agent: Mozilla/5.0 (Windows NT 10.0; Win64; x64) AppleWebKit/537.36 (KHTML, like Gecko) Chrome/78.0.3904.97 Safari/537.36
Referer: https://maosfood.com/wp-admin/
Accept: text/html,application/xhtml+xml,application/xml;q=0.9,image/webp,image/apng,*/*;q=0.8,application/signed-exchange;v=b3
Accept-Encoding: gzip, deflate, br
Accept-Language: ru-RU,ru;q=0.9,en-US;q=0.8,en;q=0.7
{"city":{"name":null,"geonameid":null,"postalcode":null},"location":{"latitude":36.183300000000002683009370230138301849365234375,"longitude":-5.3666999999999998038902049302123486995697021484375,"timezone":"Europe\/Gibraltar"},"country":{"name":"Gibraltar","geonameid":2411586,"code":"GI"},"continent":{"name":"Europe","geonameid":6255148,"code":"EU"},"asn":{"autonomousSystemNumber":42372,"autonomousSystemOrganization":"Netassist Limited","ipaddress":"193.33.64.36"},"provider":"GeoLite2","version":"IPV4"}

Time: 16:20:09
IP address: 193.33.64.36
Provider: u11664.alfa-inet.net
Request: http://maosfood.com/wp-admin/admin-ajax.php
User-Agent: Mozilla/5.0 (Windows NT 10.0; Win64; x64) AppleWebKit/537.36 (KHTML, like Gecko) Chrome/78.0.3904.97 Safari/537.36
Referer: https://maosfood.com/wp-admin/edit-tags.php?taxonomy=product_cat&post_type=product
Accept: */*
Accept-Encoding: gzip, deflate, br
Accept-Language: ru-RU,ru;q=0.9,en-US;q=0.8,en;q=0.7
{"city":{"name":null,"geonameid":null,"postalcode":null},"location":{"latitude":36.183300000000002683009370230138301849365234375,"longitude":-5.3666999999999998038902049302123486995697021484375,"timezone":"Europe\/Gibraltar"},"country":{"name":"Gibraltar","geonameid":2411586,"code":"GI"},"continent":{"name":"Europe","geonameid":6255148,"code":"EU"},"asn":{"autonomousSystemNumber":42372,"autonomousSystemOrganization":"Netassist Limited","ipaddress":"193.33.64.36"},"provider":"GeoLite2","version":"IPV4"}

Time: 16:20:21
IP address: 193.33.64.36
Provider: u11664.alfa-inet.net
Request: http://maosfood.com/wp-admin/update-core.php
User-Agent: Mozilla/5.0 (Windows NT 10.0; Win64; x64) AppleWebKit/537.36 (KHTML, like Gecko) Chrome/78.0.3904.97 Safari/537.36
Referer: https://maosfood.com/wp-admin/edit-tags.php?taxonomy=product_cat&post_type=product
Accept: text/html,application/xhtml+xml,application/xml;q=0.9,image/webp,image/apng,*/*;q=0.8,application/signed-exchange;v=b3
Accept-Encoding: gzip, deflate, br
Accept-Language: ru-RU,ru;q=0.9,en-US;q=0.8,en;q=0.7
{"city":{"name":null,"geonameid":null,"postalcode":null},"location":{"latitude":36.183300000000002683009370230138301849365234375,"longitude":-5.3666999999999998038902049302123486995697021484375,"timezone":"Europe\/Gibraltar"},"country":{"name":"Gibraltar","geonameid":2411586,"code":"GI"},"continent":{"name":"Europe","geonameid":6255148,"code":"EU"},"asn":{"autonomousSystemNumber":42372,"autonomousSystemOrganization":"Netassist Limited","ipaddress":"193.33.64.36"},"provider":"GeoLite2","version":"IPV4"}

Time: 16:20:24
IP address: 193.33.64.36
Provider: u11664.alfa-inet.net
Request: http://maosfood.com/wp-admin/admin-ajax.php
User-Agent: Mozilla/5.0 (Windows NT 10.0; Win64; x64) AppleWebKit/537.36 (KHTML, like Gecko) Chrome/78.0.3904.97 Safari/537.36
Referer: https://maosfood.com/wp-admin/update-core.php
Accept: */*
Accept-Encoding: gzip, deflate, br
Accept-Language: ru-RU,ru;q=0.9,en-US;q=0.8,en;q=0.7
{"city":{"name":null,"geonameid":null,"postalcode":null},"location":{"latitude":36.183300000000002683009370230138301849365234375,"longitude":-5.3666999999999998038902049302123486995697021484375,"timezone":"Europe\/Gibraltar"},"country":{"name":"Gibraltar","geonameid":2411586,"code":"GI"},"continent":{"name":"Europe","geonameid":6255148,"code":"EU"},"asn":{"autonomousSystemNumber":42372,"autonomousSystemOrganization":"Netassist Limited","ipaddress":"193.33.64.36"},"provider":"GeoLite2","version":"IPV4"}

Time: 16:24:33
IP address: 66.249.64.216
Provider: crawl-66-249-64-216.googlebot.com
Request: http://maosfood.com/shop/kategorii_tovariv/napoi/pineapple_drink_basil/
User-Agent: Mozilla/5.0 (compatible; Googlebot/2.1; +http://www.google.com/bot.html)
Accept: text/html,application/xhtml+xml,application/xml;q=0.9,*/*;q=0.8
Accept-Encoding: gzip,deflate,br
{"city":{"name":null,"geonameid":null,"postalcode":null},"location":{"latitude":37.75099999999999766941982670687139034271240234375,"longitude":-97.8220000000000027284841053187847137451171875,"timezone":"America\/Chicago"},"country":{"name":"United States","geonameid":6252001,"code":"US"},"continent":{"name":"North America","geonameid":6255149,"code":"NA"},"asn":{"autonomousSystemNumber":15169,"autonomousSystemOrganization":"Google LLC","ipaddress":"66.249.64.216"},"provider":"GeoLite2","version":"IPV4"}

Time: 16:30:07
IP address: 178.154.200.40
Provider: 178-154-200-40.spider.yandex.com
Request: http://maosfood.com/shop/kategorii_tovariv/napoi/чай-полуниця-ожина-250г/
User-Agent: Mozilla/5.0 (compatible; YandexBot/3.0; +http://yandex.com/bots)
Accept: */*
Accept-Encoding: gzip,deflate
{"city":{"name":null,"geonameid":null,"postalcode":null},"location":{"latitude":55.73859999999999814690454513765871524810791015625,"longitude":37.60679999999999978399500832892954349517822265625,"timezone":"Europe\/Moscow"},"country":{"name":"Russia","geonameid":2017370,"code":"RU"},"continent":{"name":"Europe","geonameid":6255148,"code":"EU"},"asn":{"autonomousSystemNumber":13238,"autonomousSystemOrganization":"YANDEX LLC","ipaddress":"178.154.200.40"},"provider":"GeoLite2","version":"IPV4"}

Time: 11:13:02
IP address: 127.0.0.1
Provider: DESKTOP-LENOVO-V
Request: https://maosfood.vs/wp-admin/post.php?post=3184&action=edit
User-Agent: Mozilla/5.0 (Windows NT 10.0; Win64; x64) AppleWebKit/537.36 (KHTML, like Gecko) Chrome/74.0.3729.169 Safari/537.36
Referer: https://maosfood.vs/wp-admin/post.php?post=3184&action=edit
Accept: text/html,application/xhtml+xml,application/xml;q=0.9,image/webp,image/apng,*/*;q=0.8,application/signed-exchange;v=b3
Accept-Encoding: gzip, deflate, br
Accept-Language: ru-RU,ru;q=0.9,en-US;q=0.8,en;q=0.7,uk;q=0.6
{"error":"The address 127.0.0.1 is not in the database."}

Time: 11:13:14
IP address: 127.0.0.1
Provider: DESKTOP-LENOVO-V
Request: https://maosfood.vs/wp-admin/admin-ajax.php
User-Agent: Mozilla/5.0 (Windows NT 10.0; Win64; x64) AppleWebKit/537.36 (KHTML, like Gecko) Chrome/74.0.3729.169 Safari/537.36
Referer: https://maosfood.vs/wp-admin/
Accept: application/json, text/javascript, */*; q=0.01
Accept-Encoding: gzip, deflate, br
Accept-Language: ru-RU,ru;q=0.9,en-US;q=0.8,en;q=0.7,uk;q=0.6
{"error":"The address 127.0.0.1 is not in the database."}

Time: 11:13:16
IP address: 127.0.0.1
Provider: DESKTOP-LENOVO-V
Request: https://maosfood.vs/ru/
User-Agent: Mozilla/5.0 (Windows NT 10.0; Win64; x64) AppleWebKit/537.36 (KHTML, like Gecko) Chrome/74.0.3729.169 Safari/537.36
Referer: https://maosfood.vs/wp-admin/post.php?post=3184&action=edit
Accept: text/html,application/xhtml+xml,application/xml;q=0.9,image/webp,image/apng,*/*;q=0.8,application/signed-exchange;v=b3
Accept-Encoding: gzip, deflate, br
Accept-Language: ru-RU,ru;q=0.9,en-US;q=0.8,en;q=0.7,uk;q=0.6
{"error":"The address 127.0.0.1 is not in the database."}

Time: 11:13:16
IP address: 127.0.0.1
Provider: DESKTOP-LENOVO-V
Request: https://maosfood.vs/wp-login.php?interim-login=1&wp_lang=ru_RU
User-Agent: Mozilla/5.0 (Windows NT 10.0; Win64; x64) AppleWebKit/537.36 (KHTML, like Gecko) Chrome/74.0.3729.169 Safari/537.36
Referer: https://maosfood.vs/wp-admin/
Accept: text/html,application/xhtml+xml,application/xml;q=0.9,image/webp,image/apng,*/*;q=0.8,application/signed-exchange;v=b3
Accept-Encoding: gzip, deflate, br
Accept-Language: ru-RU,ru;q=0.9,en-US;q=0.8,en;q=0.7,uk;q=0.6
{"error":"The address 127.0.0.1 is not in the database."}

Time: 11:13:19
IP address: 127.0.0.1
Provider: DESKTOP-LENOVO-V
Request: https://maosfood.vs/?wc-ajax=get_refreshed_fragments
User-Agent: Mozilla/5.0 (Windows NT 10.0; Win64; x64) AppleWebKit/537.36 (KHTML, like Gecko) Chrome/74.0.3729.169 Safari/537.36
Referer: https://maosfood.vs/ru/
Accept: */*
Accept-Encoding: gzip, deflate, br
Accept-Language: ru-RU,ru;q=0.9,en-US;q=0.8,en;q=0.7,uk;q=0.6
{"error":"The address 127.0.0.1 is not in the database."}

Time: 11:15:15
IP address: 127.0.0.1
Provider: DESKTOP-LENOVO-V
Request: https://maosfood.vs/wp-admin/admin-ajax.php
User-Agent: Mozilla/5.0 (Windows NT 10.0; Win64; x64) AppleWebKit/537.36 (KHTML, like Gecko) Chrome/74.0.3729.169 Safari/537.36
Referer: https://maosfood.vs/wp-admin/
Accept: application/json, text/javascript, */*; q=0.01
Accept-Encoding: gzip, deflate, br
Accept-Language: ru-RU,ru;q=0.9,en-US;q=0.8,en;q=0.7,uk;q=0.6
{"error":"The address 127.0.0.1 is not in the database."}

Time: 11:15:37
IP address: 127.0.0.1
Provider: DESKTOP-LENOVO-V
Request: https://maosfood.vs/uk/privacy-policy-2/
User-Agent: Mozilla/5.0 (Windows NT 10.0; Win64; x64) AppleWebKit/537.36 (KHTML, like Gecko) Chrome/74.0.3729.169 Safari/537.36
Referer: https://maosfood.vs/uk/checkout/
Accept: text/html,application/xhtml+xml,application/xml;q=0.9,image/webp,image/apng,*/*;q=0.8,application/signed-exchange;v=b3
Accept-Encoding: gzip, deflate, br
Accept-Language: ru-RU,ru;q=0.9,en-US;q=0.8,en;q=0.7,uk;q=0.6
{"error":"The address 127.0.0.1 is not in the database."}

Time: 11:15:39
IP address: 127.0.0.1
Provider: DESKTOP-LENOVO-V
Request: https://maosfood.vs/privacy-policy-2/
User-Agent: Mozilla/5.0 (Windows NT 10.0; Win64; x64) AppleWebKit/537.36 (KHTML, like Gecko) Chrome/74.0.3729.169 Safari/537.36
Referer: https://maosfood.vs/uk/checkout/
Accept: text/html,application/xhtml+xml,application/xml;q=0.9,image/webp,image/apng,*/*;q=0.8,application/signed-exchange;v=b3
Accept-Encoding: gzip, deflate, br
Accept-Language: ru-RU,ru;q=0.9,en-US;q=0.8,en;q=0.7,uk;q=0.6
{"error":"The address 127.0.0.1 is not in the database."}

Time: 11:15:41
IP address: 127.0.0.1
Provider: DESKTOP-LENOVO-V
Request: https://maosfood.vs/?wc-ajax=get_refreshed_fragments
User-Agent: Mozilla/5.0 (Windows NT 10.0; Win64; x64) AppleWebKit/537.36 (KHTML, like Gecko) Chrome/74.0.3729.169 Safari/537.36
Referer: https://maosfood.vs/privacy-policy-2/
Accept: */*
Accept-Encoding: gzip, deflate, br
Accept-Language: ru-RU,ru;q=0.9,en-US;q=0.8,en;q=0.7,uk;q=0.6
{"error":"The address 127.0.0.1 is not in the database."}

Time: 11:15:46
IP address: 127.0.0.1
Provider: DESKTOP-LENOVO-V
Request: https://maosfood.vs
User-Agent: Mozilla/5.0 (Windows NT 10.0; Win64; x64) AppleWebKit/537.36 (KHTML, like Gecko) Chrome/74.0.3729.169 Safari/537.36
Accept: text/html,application/xhtml+xml,application/xml;q=0.9,image/webp,image/apng,*/*;q=0.8,application/signed-exchange;v=b3
Accept-Encoding: gzip, deflate, br
Accept-Language: ru-RU,ru;q=0.9,en-US;q=0.8,en;q=0.7,uk;q=0.6
{"error":"The address 127.0.0.1 is not in the database."}

Time: 11:15:49
IP address: 127.0.0.1
Provider: DESKTOP-LENOVO-V
Request: https://maosfood.vs/?wc-ajax=get_refreshed_fragments
User-Agent: Mozilla/5.0 (Windows NT 10.0; Win64; x64) AppleWebKit/537.36 (KHTML, like Gecko) Chrome/74.0.3729.169 Safari/537.36
Referer: https://maosfood.vs/
Accept: */*
Accept-Encoding: gzip, deflate, br
Accept-Language: ru-RU,ru;q=0.9,en-US;q=0.8,en;q=0.7,uk;q=0.6
{"error":"The address 127.0.0.1 is not in the database."}

Time: 11:16:04
IP address: 127.0.0.1
Provider: DESKTOP-LENOVO-V
Request: https://maosfood.vs/wp-admin/admin-ajax.php
User-Agent: Mozilla/5.0 (Windows NT 10.0; Win64; x64) AppleWebKit/537.36 (KHTML, like Gecko) Chrome/74.0.3729.169 Safari/537.36
Referer: https://maosfood.vs/wp-admin/nav-menus.php?action=edit&menu=39
Accept: */*
Accept-Encoding: gzip, deflate, br
Accept-Language: ru-RU,ru;q=0.9,en-US;q=0.8,en;q=0.7,uk;q=0.6
{"error":"The address 127.0.0.1 is not in the database."}

Time: 11:16:07
IP address: 127.0.0.1
Provider: DESKTOP-LENOVO-V
Request: https://maosfood.vs/?wc-ajax=get_refreshed_fragments
User-Agent: Mozilla/5.0 (Windows NT 10.0; Win64; x64) AppleWebKit/537.36 (KHTML, like Gecko) Chrome/74.0.3729.169 Safari/537.36
Referer: https://maosfood.vs/
Accept: */*
Accept-Encoding: gzip, deflate, br
Accept-Language: ru-RU,ru;q=0.9,en-US;q=0.8,en;q=0.7,uk;q=0.6
{"error":"The address 127.0.0.1 is not in the database."}

