2019-12-17T09:43:36+00:00 CRITICAL Uncaught Error: Call to a member function enqueue_styles() on null in V:\home\maosfood.vs\www\wp-content\plugins\header-footer-elementor\inc\class-header-footer-elementor.php:143
Stack trace:
#0 V:\home\maosfood.vs\www\wp-includes\class-wp-hook.php(286): Header_Footer_Elementor->enqueue_scripts('')
#1 V:\home\maosfood.vs\www\wp-includes\class-wp-hook.php(310): WP_Hook->apply_filters(NULL, Array)
#2 V:\home\maosfood.vs\www\wp-includes\plugin.php(465): WP_Hook->do_action(Array)
#3 V:\home\maosfood.vs\www\wp-includes\script-loader.php(2537): do_action('wp_enqueue_scri...')
#4 V:\home\maosfood.vs\www\wp-includes\class-wp-customize-manager.php(455): wp_enqueue_scripts()
#5 V:\home\maosfood.vs\www\wp-includes\class-wp-customize-manager.php(552): WP_Customize_Manager->wp_die(0, 'Non-existent ch...')
#6 V:\home\maosfood.vs\www\wp-includes\class-wp-hook.php(286): WP_Customize_Manager->setup_theme('')
#7 V:\home\maosfood.vs\www\wp-includes\class-wp-hook.php(310): WP_Hook->apply_filters(NULL, Array)
#8 V:\home\maosfood. у V:\home\maosfood.vs\www\wp-content\plugins\header-footer-elementor\inc\class-header-footer-elementor.php доступно 143

2019-12-17T09:45:52+00:00 CRITICAL Uncaught Error: Call to a member function enqueue_styles() on null in V:\home\maosfood.vs\www\wp-content\plugins\header-footer-elementor\inc\class-header-footer-elementor.php:143
Stack trace:
#0 V:\home\maosfood.vs\www\wp-includes\class-wp-hook.php(286): Header_Footer_Elementor->enqueue_scripts('')
#1 V:\home\maosfood.vs\www\wp-includes\class-wp-hook.php(310): WP_Hook->apply_filters(NULL, Array)
#2 V:\home\maosfood.vs\www\wp-includes\plugin.php(465): WP_Hook->do_action(Array)
#3 V:\home\maosfood.vs\www\wp-includes\script-loader.php(2537): do_action('wp_enqueue_scri...')
#4 V:\home\maosfood.vs\www\wp-includes\class-wp-customize-manager.php(455): wp_enqueue_scripts()
#5 V:\home\maosfood.vs\www\wp-includes\class-wp-customize-manager.php(552): WP_Customize_Manager->wp_die(0, 'Non-existent ch...')
#6 V:\home\maosfood.vs\www\wp-includes\class-wp-hook.php(286): WP_Customize_Manager->setup_theme('')
#7 V:\home\maosfood.vs\www\wp-includes\class-wp-hook.php(310): WP_Hook->apply_filters(NULL, Array)
#8 V:\home\maosfood. у V:\home\maosfood.vs\www\wp-content\plugins\header-footer-elementor\inc\class-header-footer-elementor.php доступно 143

2019-12-17T09:45:57+00:00 CRITICAL Uncaught Error: Call to a member function enqueue_styles() on null in V:\home\maosfood.vs\www\wp-content\plugins\header-footer-elementor\inc\class-header-footer-elementor.php:143
Stack trace:
#0 V:\home\maosfood.vs\www\wp-includes\class-wp-hook.php(286): Header_Footer_Elementor->enqueue_scripts('')
#1 V:\home\maosfood.vs\www\wp-includes\class-wp-hook.php(310): WP_Hook->apply_filters(NULL, Array)
#2 V:\home\maosfood.vs\www\wp-includes\plugin.php(465): WP_Hook->do_action(Array)
#3 V:\home\maosfood.vs\www\wp-includes\script-loader.php(2537): do_action('wp_enqueue_scri...')
#4 V:\home\maosfood.vs\www\wp-includes\class-wp-customize-manager.php(455): wp_enqueue_scripts()
#5 V:\home\maosfood.vs\www\wp-includes\class-wp-customize-manager.php(552): WP_Customize_Manager->wp_die(0, 'Non-existent ch...')
#6 V:\home\maosfood.vs\www\wp-includes\class-wp-hook.php(286): WP_Customize_Manager->setup_theme('')
#7 V:\home\maosfood.vs\www\wp-includes\class-wp-hook.php(310): WP_Hook->apply_filters(NULL, Array)
#8 V:\home\maosfood. у V:\home\maosfood.vs\www\wp-content\plugins\header-footer-elementor\inc\class-header-footer-elementor.php доступно 143

2019-12-17T09:46:01+00:00 CRITICAL Uncaught Error: Call to a member function enqueue_styles() on null in V:\home\maosfood.vs\www\wp-content\plugins\header-footer-elementor\inc\class-header-footer-elementor.php:143
Stack trace:
#0 V:\home\maosfood.vs\www\wp-includes\class-wp-hook.php(286): Header_Footer_Elementor->enqueue_scripts('')
#1 V:\home\maosfood.vs\www\wp-includes\class-wp-hook.php(310): WP_Hook->apply_filters(NULL, Array)
#2 V:\home\maosfood.vs\www\wp-includes\plugin.php(465): WP_Hook->do_action(Array)
#3 V:\home\maosfood.vs\www\wp-includes\script-loader.php(2537): do_action('wp_enqueue_scri...')
#4 V:\home\maosfood.vs\www\wp-includes\class-wp-customize-manager.php(455): wp_enqueue_scripts()
#5 V:\home\maosfood.vs\www\wp-includes\class-wp-customize-manager.php(552): WP_Customize_Manager->wp_die(0, 'Non-existent ch...')
#6 V:\home\maosfood.vs\www\wp-includes\class-wp-hook.php(286): WP_Customize_Manager->setup_theme('')
#7 V:\home\maosfood.vs\www\wp-includes\class-wp-hook.php(310): WP_Hook->apply_filters(NULL, Array)
#8 V:\home\maosfood. у V:\home\maosfood.vs\www\wp-content\plugins\header-footer-elementor\inc\class-header-footer-elementor.php доступно 143

2019-12-17T11:42:18+00:00 CRITICAL syntax error, unexpected end of file у V:\home\maosfood.vs\www\wp-content\plugins\woocommerce\templates\cart\cart.php доступно 177

2019-12-17T11:42:56+00:00 CRITICAL syntax error, unexpected end of file у V:\home\maosfood.vs\www\wp-content\plugins\woocommerce\templates\cart\cart.php доступно 177

2019-12-17T11:43:01+00:00 CRITICAL syntax error, unexpected end of file у V:\home\maosfood.vs\www\wp-content\plugins\woocommerce\templates\cart\cart.php доступно 177

2019-12-17T11:54:48+00:00 CRITICAL syntax error, unexpected '<' у V:\home\maosfood.vs\www\wp-content\plugins\woocommerce\templates\cart\cart.php доступно 146

